[ 2017-08-22T08:50:43+08:00 ] 127.0.0.1 /Adlocation/index.html
INFO: [ app_init ] --START--
INFO: Run Behavior\BuildLiteBehavior [ RunTime:0.000017s ]
INFO: [ app_init ] --END-- [ RunTime:0.003566s ]
INFO: [ app_begin ] --START--
INFO: Run Behavior\ReadHtmlCacheBehavior [ RunTime:0.005297s ]
INFO: [ app_begin ] --END-- [ RunTime:0.005361s ]
SQL: SHOW COLUMNS FROM `td_adlocation` [ RunTime:0.0020s ]
SQL: SELECT COUNT(*) AS tp_count FROM `td_adlocation` WHERE `status` = 1 LIMIT 1   [ RunTime:0.0012s ]
NOTIC: [2] Missing argument 5 for get_page(), called in G:\XAMPP\htdocs\TiandaoStudy\Application\Home\Controller\AdlocationController.class.php on line 43 and defined G:\XAMPP\htdocs\TiandaoStudy\Application\Home\Common\function.php 第 103 行.
NOTIC: [2] Missing argument 6 for get_page(), called in G:\XAMPP\htdocs\TiandaoStudy\Application\Home\Controller\AdlocationController.class.php on line 43 and defined G:\XAMPP\htdocs\TiandaoStudy\Application\Home\Common\function.php 第 103 行.
NOTIC: [8] Undefined variable: parameter G:\XAMPP\htdocs\TiandaoStudy\Application\Home\Common\function.php 第 105 行.
NOTIC: [8] Undefined variable: p G:\XAMPP\htdocs\TiandaoStudy\Application\Home\Common\function.php 第 105 行.
SQL: SELECT * FROM `td_adlocation` WHERE `status` = 1 ORDER BY id desc LIMIT 0,10   [ RunTime:0.0011s ]
SQL: SHOW COLUMNS FROM `td_adposition` [ RunTime:0.0013s ]
SQL: SELECT * FROM `td_adposition`  [ RunTime:0.0014s ]
INFO: [ view_parse ] --START--
INFO: [ template_filter ] --START--
INFO: Run Behavior\ContentReplaceBehavior [ RunTime:0.000061s ]
INFO: [ template_filter ] --END-- [ RunTime:0.000108s ]
INFO: Run Behavior\ParseTemplateBehavior [ RunTime:0.117953s ]
INFO: [ view_parse ] --END-- [ RunTime:0.118013s ]
INFO: [ view_filter ] --START--
INFO: Run Behavior\WriteHtmlCacheBehavior [ RunTime:0.002372s ]
INFO: [ view_filter ] --END-- [ RunTime:0.002411s ]
INFO: [ app_end ] --START--
INFO: Run Behavior\ShowPageTraceBehavior [ RunTime:0.004097s ]
INFO: [ app_end ] --END-- [ RunTime:0.004173s ]

[ 2017-08-22T08:50:44+08:00 ] 127.0.0.1 /Adlocation/add.html?id=16&type=1
INFO: [ app_init ] --START--
INFO: Run Behavior\BuildLiteBehavior [ RunTime:0.000010s ]
INFO: [ app_init ] --END-- [ RunTime:0.000264s ]
INFO: [ app_begin ] --START--
INFO: Run Behavior\ReadHtmlCacheBehavior [ RunTime:0.000411s ]
INFO: [ app_begin ] --END-- [ RunTime:0.000452s ]
SQL: SHOW COLUMNS FROM `td_adlocation` [ RunTime:0.0020s ]
SQL: SELECT * FROM `td_adlocation` WHERE `id` = '16' LIMIT 1   [ RunTime:0.0013s ]
SQL: SHOW COLUMNS FROM `td_adposition` [ RunTime:0.0014s ]
SQL: SELECT * FROM `td_adposition` WHERE `page_id` = 1  [ RunTime:0.0011s ]
SQL: SELECT * FROM `td_adposition` WHERE `page_id` = 2  [ RunTime:0.0010s ]
SQL: SELECT * FROM `td_adposition` WHERE `page_id` = 3  [ RunTime:0.0014s ]
SQL: SELECT * FROM `td_adposition` WHERE `page_id` = 4  [ RunTime:0.0014s ]
INFO: [ view_parse ] --START--
INFO: [ template_filter ] --START--
INFO: Run Behavior\ContentReplaceBehavior [ RunTime:0.006200s ]
INFO: [ template_filter ] --END-- [ RunTime:0.006286s ]
INFO: Run Behavior\ParseTemplateBehavior [ RunTime:0.069538s ]
INFO: [ view_parse ] --END-- [ RunTime:0.069597s ]
INFO: [ view_filter ] --START--
INFO: Run Behavior\WriteHtmlCacheBehavior [ RunTime:0.000297s ]
INFO: [ view_filter ] --END-- [ RunTime:0.000323s ]
INFO: [ app_end ] --START--
INFO: Run Behavior\ShowPageTraceBehavior [ RunTime:0.000521s ]
INFO: [ app_end ] --END-- [ RunTime:0.000561s ]

[ 2017-08-22T08:50:47+08:00 ] 127.0.0.1 /Adlocation/index.html
INFO: [ app_init ] --START--
INFO: Run Behavior\BuildLiteBehavior [ RunTime:0.000010s ]
INFO: [ app_init ] --END-- [ RunTime:0.000260s ]
INFO: [ app_begin ] --START--
INFO: Run Behavior\ReadHtmlCacheBehavior [ RunTime:0.000398s ]
INFO: [ app_begin ] --END-- [ RunTime:0.000435s ]
SQL: SHOW COLUMNS FROM `td_adlocation` [ RunTime:0.0016s ]
SQL: SELECT COUNT(*) AS tp_count FROM `td_adlocation` WHERE `status` = 1 LIMIT 1   [ RunTime:0.0012s ]
NOTIC: [2] Missing argument 5 for get_page(), called in G:\XAMPP\htdocs\TiandaoStudy\Application\Home\Controller\AdlocationController.class.php on line 43 and defined G:\XAMPP\htdocs\TiandaoStudy\Application\Home\Common\function.php 第 103 行.
NOTIC: [2] Missing argument 6 for get_page(), called in G:\XAMPP\htdocs\TiandaoStudy\Application\Home\Controller\AdlocationController.class.php on line 43 and defined G:\XAMPP\htdocs\TiandaoStudy\Application\Home\Common\function.php 第 103 行.
NOTIC: [8] Undefined variable: parameter G:\XAMPP\htdocs\TiandaoStudy\Application\Home\Common\function.php 第 105 行.
NOTIC: [8] Undefined variable: p G:\XAMPP\htdocs\TiandaoStudy\Application\Home\Common\function.php 第 105 行.
SQL: SELECT * FROM `td_adlocation` WHERE `status` = 1 ORDER BY id desc LIMIT 0,10   [ RunTime:0.0010s ]
SQL: SHOW COLUMNS FROM `td_adposition` [ RunTime:0.0014s ]
SQL: SELECT * FROM `td_adposition`  [ RunTime:0.0016s ]
INFO: [ view_parse ] --START--
INFO: [ template_filter ] --START--
INFO: Run Behavior\ContentReplaceBehavior [ RunTime:0.000052s ]
INFO: [ template_filter ] --END-- [ RunTime:0.000093s ]
INFO: Run Behavior\ParseTemplateBehavior [ RunTime:0.017027s ]
INFO: [ view_parse ] --END-- [ RunTime:0.017070s ]
INFO: [ view_filter ] --START--
INFO: Run Behavior\WriteHtmlCacheBehavior [ RunTime:0.000277s ]
INFO: [ view_filter ] --END-- [ RunTime:0.000303s ]
INFO: [ app_end ] --START--
INFO: Run Behavior\ShowPageTraceBehavior [ RunTime:0.000591s ]
INFO: [ app_end ] --END-- [ RunTime:0.000633s ]

[ 2017-08-22T08:53:29+08:00 ] 127.0.0.1 /Adlocation/index.html
INFO: [ app_init ] --START--
INFO: Run Behavior\BuildLiteBehavior [ RunTime:0.000011s ]
INFO: [ app_init ] --END-- [ RunTime:0.000284s ]
INFO: [ app_begin ] --START--
INFO: Run Behavior\ReadHtmlCacheBehavior [ RunTime:0.000558s ]
INFO: [ app_begin ] --END-- [ RunTime:0.000614s ]
SQL: SHOW COLUMNS FROM `td_adlocation` [ RunTime:0.0022s ]
SQL: SELECT COUNT(*) AS tp_count FROM `td_adlocation` WHERE `status` = 1 LIMIT 1   [ RunTime:0.0013s ]
NOTIC: [2] Missing argument 5 for get_page(), called in G:\XAMPP\htdocs\TiandaoStudy\Application\Home\Controller\AdlocationController.class.php on line 43 and defined G:\XAMPP\htdocs\TiandaoStudy\Application\Home\Common\function.php 第 103 行.
NOTIC: [2] Missing argument 6 for get_page(), called in G:\XAMPP\htdocs\TiandaoStudy\Application\Home\Controller\AdlocationController.class.php on line 43 and defined G:\XAMPP\htdocs\TiandaoStudy\Application\Home\Common\function.php 第 103 行.
NOTIC: [8] Undefined variable: parameter G:\XAMPP\htdocs\TiandaoStudy\Application\Home\Common\function.php 第 105 行.
NOTIC: [8] Undefined variable: p G:\XAMPP\htdocs\TiandaoStudy\Application\Home\Common\function.php 第 105 行.
SQL: SELECT * FROM `td_adlocation` WHERE `status` = 1 ORDER BY id desc LIMIT 0,10   [ RunTime:0.0010s ]
SQL: SHOW COLUMNS FROM `td_adposition` [ RunTime:0.0014s ]
SQL: SELECT * FROM `td_adposition`  [ RunTime:0.0019s ]
INFO: [ view_parse ] --START--
INFO: [ template_filter ] --START--
INFO: Run Behavior\ContentReplaceBehavior [ RunTime:0.000057s ]
INFO: [ template_filter ] --END-- [ RunTime:0.000100s ]
INFO: Run Behavior\ParseTemplateBehavior [ RunTime:0.018993s ]
INFO: [ view_parse ] --END-- [ RunTime:0.019048s ]
INFO: [ view_filter ] --START--
INFO: Run Behavior\WriteHtmlCacheBehavior [ RunTime:0.000331s ]
INFO: [ view_filter ] --END-- [ RunTime:0.000363s ]
INFO: [ app_end ] --START--
INFO: Run Behavior\ShowPageTraceBehavior [ RunTime:0.000705s ]
INFO: [ app_end ] --END-- [ RunTime:0.000838s ]

[ 2017-08-22T08:53:29+08:00 ] 127.0.0.1 /Adlocation/index.html
INFO: [ app_init ] --START--
INFO: Run Behavior\BuildLiteBehavior [ RunTime:0.000012s ]
INFO: [ app_init ] --END-- [ RunTime:0.000295s ]
INFO: [ app_begin ] --START--
INFO: Run Behavior\ReadHtmlCacheBehavior [ RunTime:0.000414s ]
INFO: [ app_begin ] --END-- [ RunTime:0.000454s ]
SQL: SHOW COLUMNS FROM `td_adlocation` [ RunTime:0.0016s ]
SQL: SELECT COUNT(*) AS tp_count FROM `td_adlocation` WHERE `status` = 1 LIMIT 1   [ RunTime:0.0012s ]
NOTIC: [2] Missing argument 5 for get_page(), called in G:\XAMPP\htdocs\TiandaoStudy\Application\Home\Controller\AdlocationController.class.php on line 43 and defined G:\XAMPP\htdocs\TiandaoStudy\Application\Home\Common\function.php 第 103 行.
NOTIC: [2] Missing argument 6 for get_page(), called in G:\XAMPP\htdocs\TiandaoStudy\Application\Home\Controller\AdlocationController.class.php on line 43 and defined G:\XAMPP\htdocs\TiandaoStudy\Application\Home\Common\function.php 第 103 行.
NOTIC: [8] Undefined variable: parameter G:\XAMPP\htdocs\TiandaoStudy\Application\Home\Common\function.php 第 105 行.
NOTIC: [8] Undefined variable: p G:\XAMPP\htdocs\TiandaoStudy\Application\Home\Common\function.php 第 105 行.
SQL: SELECT * FROM `td_adlocation` WHERE `status` = 1 ORDER BY id desc LIMIT 0,10   [ RunTime:0.0010s ]
SQL: SHOW COLUMNS FROM `td_adposition` [ RunTime:0.0014s ]
SQL: SELECT * FROM `td_adposition`  [ RunTime:0.0007s ]
INFO: [ view_parse ] --START--
INFO: [ template_filter ] --START--
INFO: Run Behavior\ContentReplaceBehavior [ RunTime:0.000055s ]
INFO: [ template_filter ] --END-- [ RunTime:0.000095s ]
INFO: Run Behavior\ParseTemplateBehavior [ RunTime:0.018121s ]
INFO: [ view_parse ] --END-- [ RunTime:0.018165s ]
INFO: [ view_filter ] --START--
INFO: Run Behavior\WriteHtmlCacheBehavior [ RunTime:0.000316s ]
INFO: [ view_filter ] --END-- [ RunTime:0.000346s ]
INFO: [ app_end ] --START--
INFO: Run Behavior\ShowPageTraceBehavior [ RunTime:0.000578s ]
INFO: [ app_end ] --END-- [ RunTime:0.000630s ]

[ 2017-08-22T08:53:31+08:00 ] 127.0.0.1 /Consult/index.html
INFO: [ app_init ] --START--
INFO: Run Behavior\BuildLiteBehavior [ RunTime:0.000009s ]
INFO: [ app_init ] --END-- [ RunTime:0.000257s ]
INFO: [ app_begin ] --START--
INFO: Run Behavior\ReadHtmlCacheBehavior [ RunTime:0.000413s ]
INFO: [ app_begin ] --END-- [ RunTime:0.000451s ]
SQL: SHOW COLUMNS FROM `td_consult` [ RunTime:0.0021s ]
NOTIC: [8] Undefined variable: where G:\XAMPP\htdocs\TiandaoStudy\Application\Home\Controller\ConsultController.class.php 第 93 行.
SQL: SELECT COUNT(*) AS tp_count FROM `td_consult` LIMIT 1   [ RunTime:0.0005s ]
NOTIC: [2] Missing argument 4 for Think\Page::__construct(), called in G:\XAMPP\htdocs\TiandaoStudy\Application\Home\Controller\ConsultController.class.php on line 99 and defined G:\XAMPP\htdocs\TiandaoStudy\ThinkPHP\Library\Think\Page.class.php 第 42 行.
NOTIC: [8] Undefined variable: where G:\XAMPP\htdocs\TiandaoStudy\Application\Home\Controller\ConsultController.class.php 第 107 行.
SQL: SELECT * FROM `td_consult` ORDER BY pub_time desc LIMIT 0,10   [ RunTime:0.0510s ]
SQL: SHOW COLUMNS FROM `td_country` [ RunTime:0.0014s ]
SQL: SELECT * FROM `td_country`  [ RunTime:0.0006s ]
NOTIC: [2] Missing argument 1 for Home\Model\ConsultModel::get_cate(), called in G:\XAMPP\htdocs\TiandaoStudy\Application\Home\Controller\ConsultController.class.php on line 109 and defined G:\XAMPP\htdocs\TiandaoStudy\Application\Home\Model\ConsultModel.class.php 第 79 行.
SQL: SHOW COLUMNS FROM `td_cate` [ RunTime:0.0020s ]
SQL: SELECT * FROM `td_cate`  [ RunTime:0.0114s ]
NOTIC: [2] Missing argument 1 for Home\Model\ConsultModel::get_edu(), called in G:\XAMPP\htdocs\TiandaoStudy\Application\Home\Controller\ConsultController.class.php on line 110 and defined G:\XAMPP\htdocs\TiandaoStudy\Application\Home\Model\ConsultModel.class.php 第 89 行.
SQL: SHOW COLUMNS FROM `td_edu` [ RunTime:0.0016s ]
SQL: SELECT * FROM `td_edu`  [ RunTime:0.0070s ]
INFO: [ view_parse ] --START--
INFO: [ template_filter ] --START--
INFO: Run Behavior\ContentReplaceBehavior [ RunTime:0.000153s ]
INFO: [ template_filter ] --END-- [ RunTime:0.000233s ]
INFO: Run Behavior\ParseTemplateBehavior [ RunTime:0.073312s ]
INFO: [ view_parse ] --END-- [ RunTime:0.073398s ]
INFO: [ view_filter ] --START--
INFO: Run Behavior\WriteHtmlCacheBehavior [ RunTime:0.000486s ]
INFO: [ view_filter ] --END-- [ RunTime:0.000528s ]
INFO: [ app_end ] --START--
INFO: Run Behavior\ShowPageTraceBehavior [ RunTime:0.001026s ]
INFO: [ app_end ] --END-- [ RunTime:0.001106s ]

[ 2017-08-22T09:33:37+08:00 ] 127.0.0.1 /Adlocation/index.html
INFO: [ app_init ] --START--
INFO: Run Behavior\BuildLiteBehavior [ RunTime:0.000011s ]
INFO: [ app_init ] --END-- [ RunTime:0.000291s ]
INFO: [ app_begin ] --START--
INFO: Run Behavior\ReadHtmlCacheBehavior [ RunTime:0.000440s ]
INFO: [ app_begin ] --END-- [ RunTime:0.000488s ]
SQL: SHOW COLUMNS FROM `td_adlocation` [ RunTime:0.0017s ]
SQL: SELECT COUNT(*) AS tp_count FROM `td_adlocation` WHERE `status` = 1 LIMIT 1   [ RunTime:0.0013s ]
NOTIC: [2] Missing argument 5 for get_page(), called in G:\XAMPP\htdocs\TiandaoStudy\Application\Home\Controller\AdlocationController.class.php on line 43 and defined G:\XAMPP\htdocs\TiandaoStudy\Application\Home\Common\function.php 第 103 行.
NOTIC: [2] Missing argument 6 for get_page(), called in G:\XAMPP\htdocs\TiandaoStudy\Application\Home\Controller\AdlocationController.class.php on line 43 and defined G:\XAMPP\htdocs\TiandaoStudy\Application\Home\Common\function.php 第 103 行.
NOTIC: [8] Undefined variable: parameter G:\XAMPP\htdocs\TiandaoStudy\Application\Home\Common\function.php 第 105 行.
NOTIC: [8] Undefined variable: p G:\XAMPP\htdocs\TiandaoStudy\Application\Home\Common\function.php 第 105 行.
SQL: SELECT * FROM `td_adlocation` WHERE `status` = 1 ORDER BY id desc LIMIT 0,10   [ RunTime:0.0010s ]
SQL: SHOW COLUMNS FROM `td_adposition` [ RunTime:0.0014s ]
SQL: SELECT * FROM `td_adposition`  [ RunTime:0.0015s ]
INFO: [ view_parse ] --START--
INFO: [ template_filter ] --START--
INFO: Run Behavior\ContentReplaceBehavior [ RunTime:0.000056s ]
INFO: [ template_filter ] --END-- [ RunTime:0.000098s ]
INFO: Run Behavior\ParseTemplateBehavior [ RunTime:0.020161s ]
INFO: [ view_parse ] --END-- [ RunTime:0.020207s ]
INFO: [ view_filter ] --START--
INFO: Run Behavior\WriteHtmlCacheBehavior [ RunTime:0.000294s ]
INFO: [ view_filter ] --END-- [ RunTime:0.000321s ]
INFO: [ app_end ] --START--
INFO: Run Behavior\ShowPageTraceBehavior [ RunTime:0.000609s ]
INFO: [ app_end ] --END-- [ RunTime:0.000662s ]

[ 2017-08-22T09:33:39+08:00 ] 127.0.0.1 /Special/index.html
INFO: [ app_init ] --START--
INFO: Run Behavior\BuildLiteBehavior [ RunTime:0.000011s ]
INFO: [ app_init ] --END-- [ RunTime:0.000324s ]
INFO: [ app_begin ] --START--
INFO: Run Behavior\ReadHtmlCacheBehavior [ RunTime:0.000427s ]
INFO: [ app_begin ] --END-- [ RunTime:0.000475s ]
NOTIC: [8] Undefined index: _string G:\XAMPP\htdocs\TiandaoStudy\Application\Home\Controller\SpecialController.class.php 第 35 行.
SQL: SHOW COLUMNS FROM `td_special` [ RunTime:0.0020s ]
SQL: SELECT COUNT(*) AS tp_count FROM `td_special` WHERE `status` = 1 LIMIT 1   [ RunTime:0.0014s ]
NOTIC: [2] implode(): Invalid arguments passed G:\XAMPP\htdocs\TiandaoStudy\Application\Home\Controller\SpecialController.class.php 第 98 行.
SQL: SELECT * FROM td_special a WHERE `status` = 1 ORDER BY id DESC LIMIT 0,10   [ RunTime:0.0019s ]
SQL: SELECT COUNT(*) AS tp_count FROM `td_special` WHERE `status` = '-1' LIMIT 1   [ RunTime:0.0006s ]
NOTIC: [8] Undefined variable: page_show G:\XAMPP\htdocs\TiandaoStudy\Application\Home\Common\function.php 第 73 行.
SQL: SELECT * FROM td_special a WHERE `status` = '-1' ORDER BY id DESC LIMIT 0,10   [ RunTime:0.0014s ]
SQL: SHOW COLUMNS FROM `td_country` [ RunTime:0.0014s ]
SQL: SELECT * FROM `td_country`  [ RunTime:0.0007s ]
INFO: [ view_parse ] --START--
INFO: [ template_filter ] --START--
INFO: Run Behavior\ContentReplaceBehavior [ RunTime:0.000078s ]
INFO: [ template_filter ] --END-- [ RunTime:0.000124s ]
NOTIC: [8] Undefined variable: checked G:\XAMPP\htdocs\TiandaoStudy\Application\Runtime\Cache\Home\d421352dfdc946c93d83cd205baf0330.php 第 47 行.
NOTIC: [8] Undefined variable: checked G:\XAMPP\htdocs\TiandaoStudy\Application\Runtime\Cache\Home\d421352dfdc946c93d83cd205baf0330.php 第 47 行.
NOTIC: [8] Undefined variable: checked G:\XAMPP\htdocs\TiandaoStudy\Application\Runtime\Cache\Home\d421352dfdc946c93d83cd205baf0330.php 第 47 行.
NOTIC: [8] Undefined variable: checked G:\XAMPP\htdocs\TiandaoStudy\Application\Runtime\Cache\Home\d421352dfdc946c93d83cd205baf0330.php 第 47 行.
NOTIC: [8] Undefined variable: checked G:\XAMPP\htdocs\TiandaoStudy\Application\Runtime\Cache\Home\d421352dfdc946c93d83cd205baf0330.php 第 47 行.
NOTIC: [8] Undefined variable: checked G:\XAMPP\htdocs\TiandaoStudy\Application\Runtime\Cache\Home\d421352dfdc946c93d83cd205baf0330.php 第 47 行.
NOTIC: [8] Undefined variable: checked G:\XAMPP\htdocs\TiandaoStudy\Application\Runtime\Cache\Home\d421352dfdc946c93d83cd205baf0330.php 第 47 行.
NOTIC: [8] Undefined variable: checked G:\XAMPP\htdocs\TiandaoStudy\Application\Runtime\Cache\Home\d421352dfdc946c93d83cd205baf0330.php 第 47 行.
NOTIC: [8] Undefined variable: checked G:\XAMPP\htdocs\TiandaoStudy\Application\Runtime\Cache\Home\d421352dfdc946c93d83cd205baf0330.php 第 47 行.
NOTIC: [8] Undefined variable: checked G:\XAMPP\htdocs\TiandaoStudy\Application\Runtime\Cache\Home\d421352dfdc946c93d83cd205baf0330.php 第 47 行.
NOTIC: [8] Undefined variable: checked G:\XAMPP\htdocs\TiandaoStudy\Application\Runtime\Cache\Home\d421352dfdc946c93d83cd205baf0330.php 第 47 行.
NOTIC: [8] Undefined variable: checked G:\XAMPP\htdocs\TiandaoStudy\Application\Runtime\Cache\Home\d421352dfdc946c93d83cd205baf0330.php 第 47 行.
NOTIC: [8] Undefined variable: checked G:\XAMPP\htdocs\TiandaoStudy\Application\Runtime\Cache\Home\d421352dfdc946c93d83cd205baf0330.php 第 47 行.
NOTIC: [8] Undefined variable: checked G:\XAMPP\htdocs\TiandaoStudy\Application\Runtime\Cache\Home\d421352dfdc946c93d83cd205baf0330.php 第 47 行.
NOTIC: [8] Undefined variable: checked G:\XAMPP\htdocs\TiandaoStudy\Application\Runtime\Cache\Home\d421352dfdc946c93d83cd205baf0330.php 第 47 行.
NOTIC: [8] Undefined variable: checked G:\XAMPP\htdocs\TiandaoStudy\Application\Runtime\Cache\Home\d421352dfdc946c93d83cd205baf0330.php 第 47 行.
NOTIC: [8] Undefined variable: checked G:\XAMPP\htdocs\TiandaoStudy\Application\Runtime\Cache\Home\d421352dfdc946c93d83cd205baf0330.php 第 47 行.
NOTIC: [8] Undefined variable: checked G:\XAMPP\htdocs\TiandaoStudy\Application\Runtime\Cache\Home\d421352dfdc946c93d83cd205baf0330.php 第 47 行.
NOTIC: [8] Undefined variable: checked G:\XAMPP\htdocs\TiandaoStudy\Application\Runtime\Cache\Home\d421352dfdc946c93d83cd205baf0330.php 第 47 行.
NOTIC: [8] Undefined variable: checked G:\XAMPP\htdocs\TiandaoStudy\Application\Runtime\Cache\Home\d421352dfdc946c93d83cd205baf0330.php 第 47 行.
NOTIC: [8] Undefined variable: checked G:\XAMPP\htdocs\TiandaoStudy\Application\Runtime\Cache\Home\d421352dfdc946c93d83cd205baf0330.php 第 47 行.
NOTIC: [8] Undefined variable: checked G:\XAMPP\htdocs\TiandaoStudy\Application\Runtime\Cache\Home\d421352dfdc946c93d83cd205baf0330.php 第 47 行.
NOTIC: [8] Undefined variable: checked G:\XAMPP\htdocs\TiandaoStudy\Application\Runtime\Cache\Home\d421352dfdc946c93d83cd205baf0330.php 第 47 行.
NOTIC: [8] Undefined variable: countryId G:\XAMPP\htdocs\TiandaoStudy\Application\Runtime\Cache\Home\d421352dfdc946c93d83cd205baf0330.php 第 164 行.
NOTIC: [8] Undefined variable: countryId G:\XAMPP\htdocs\TiandaoStudy\Application\Runtime\Cache\Home\d421352dfdc946c93d83cd205baf0330.php 第 164 行.
NOTIC: [8] Undefined variable: countryId G:\XAMPP\htdocs\TiandaoStudy\Application\Runtime\Cache\Home\d421352dfdc946c93d83cd205baf0330.php 第 164 行.
NOTIC: [8] Undefined variable: countryId G:\XAMPP\htdocs\TiandaoStudy\Application\Runtime\Cache\Home\d421352dfdc946c93d83cd205baf0330.php 第 164 行.
NOTIC: [8] Undefined variable: countryId G:\XAMPP\htdocs\TiandaoStudy\Application\Runtime\Cache\Home\d421352dfdc946c93d83cd205baf0330.php 第 164 行.
NOTIC: [8] Undefined variable: countryId G:\XAMPP\htdocs\TiandaoStudy\Application\Runtime\Cache\Home\d421352dfdc946c93d83cd205baf0330.php 第 164 行.
NOTIC: [8] Undefined variable: countryId G:\XAMPP\htdocs\TiandaoStudy\Application\Runtime\Cache\Home\d421352dfdc946c93d83cd205baf0330.php 第 164 行.
NOTIC: [8] Undefined variable: countryId G:\XAMPP\htdocs\TiandaoStudy\Application\Runtime\Cache\Home\d421352dfdc946c93d83cd205baf0330.php 第 164 行.
NOTIC: [8] Undefined variable: countryId G:\XAMPP\htdocs\TiandaoStudy\Application\Runtime\Cache\Home\d421352dfdc946c93d83cd205baf0330.php 第 164 行.
NOTIC: [8] Undefined variable: countryId G:\XAMPP\htdocs\TiandaoStudy\Application\Runtime\Cache\Home\d421352dfdc946c93d83cd205baf0330.php 第 164 行.
NOTIC: [8] Undefined variable: countryId G:\XAMPP\htdocs\TiandaoStudy\Application\Runtime\Cache\Home\d421352dfdc946c93d83cd205baf0330.php 第 164 行.
NOTIC: [8] Undefined variable: countryId G:\XAMPP\htdocs\TiandaoStudy\Application\Runtime\Cache\Home\d421352dfdc946c93d83cd205baf0330.php 第 164 行.
NOTIC: [8] Undefined variable: countryId G:\XAMPP\htdocs\TiandaoStudy\Application\Runtime\Cache\Home\d421352dfdc946c93d83cd205baf0330.php 第 164 行.
NOTIC: [8] Undefined variable: countryId G:\XAMPP\htdocs\TiandaoStudy\Application\Runtime\Cache\Home\d421352dfdc946c93d83cd205baf0330.php 第 164 行.
NOTIC: [8] Undefined variable: countryId G:\XAMPP\htdocs\TiandaoStudy\Application\Runtime\Cache\Home\d421352dfdc946c93d83cd205baf0330.php 第 164 行.
NOTIC: [8] Undefined variable: countryId G:\XAMPP\htdocs\TiandaoStudy\Application\Runtime\Cache\Home\d421352dfdc946c93d83cd205baf0330.php 第 164 行.
NOTIC: [8] Undefined variable: countryId G:\XAMPP\htdocs\TiandaoStudy\Application\Runtime\Cache\Home\d421352dfdc946c93d83cd205baf0330.php 第 164 行.
NOTIC: [8] Undefined variable: countryId G:\XAMPP\htdocs\TiandaoStudy\Application\Runtime\Cache\Home\d421352dfdc946c93d83cd205baf0330.php 第 164 行.
NOTIC: [8] Undefined variable: countryId G:\XAMPP\htdocs\TiandaoStudy\Application\Runtime\Cache\Home\d421352dfdc946c93d83cd205baf0330.php 第 164 行.
NOTIC: [8] Undefined variable: countryId G:\XAMPP\htdocs\TiandaoStudy\Application\Runtime\Cache\Home\d421352dfdc946c93d83cd205baf0330.php 第 164 行.
NOTIC: [8] Undefined variable: countryId G:\XAMPP\htdocs\TiandaoStudy\Application\Runtime\Cache\Home\d421352dfdc946c93d83cd205baf0330.php 第 164 行.
NOTIC: [8] Undefined variable: countryId G:\XAMPP\htdocs\TiandaoStudy\Application\Runtime\Cache\Home\d421352dfdc946c93d83cd205baf0330.php 第 164 行.
NOTIC: [8] Undefined variable: countryId G:\XAMPP\htdocs\TiandaoStudy\Application\Runtime\Cache\Home\d421352dfdc946c93d83cd205baf0330.php 第 164 行.
INFO: Run Behavior\ParseTemplateBehavior [ RunTime:0.062690s ]
INFO: [ view_parse ] --END-- [ RunTime:0.062729s ]
INFO: [ view_filter ] --START--
INFO: Run Behavior\WriteHtmlCacheBehavior [ RunTime:0.000281s ]
INFO: [ view_filter ] --END-- [ RunTime:0.000308s ]
INFO: [ app_end ] --START--
INFO: Run Behavior\ShowPageTraceBehavior [ RunTime:0.002395s ]
INFO: [ app_end ] --END-- [ RunTime:0.002455s ]

[ 2017-08-22T09:33:42+08:00 ] 127.0.0.1 /Adlocation/index.html
INFO: [ app_init ] --START--
INFO: Run Behavior\BuildLiteBehavior [ RunTime:0.000010s ]
INFO: [ app_init ] --END-- [ RunTime:0.000284s ]
INFO: [ app_begin ] --START--
INFO: Run Behavior\ReadHtmlCacheBehavior [ RunTime:0.000396s ]
INFO: [ app_begin ] --END-- [ RunTime:0.000432s ]
SQL: SHOW COLUMNS FROM `td_adlocation` [ RunTime:0.0015s ]
SQL: SELECT COUNT(*) AS tp_count FROM `td_adlocation` WHERE `status` = 1 LIMIT 1   [ RunTime:0.0013s ]
NOTIC: [2] Missing argument 5 for get_page(), called in G:\XAMPP\htdocs\TiandaoStudy\Application\Home\Controller\AdlocationController.class.php on line 43 and defined G:\XAMPP\htdocs\TiandaoStudy\Application\Home\Common\function.php 第 103 行.
NOTIC: [2] Missing argument 6 for get_page(), called in G:\XAMPP\htdocs\TiandaoStudy\Application\Home\Controller\AdlocationController.class.php on line 43 and defined G:\XAMPP\htdocs\TiandaoStudy\Application\Home\Common\function.php 第 103 行.
NOTIC: [8] Undefined variable: parameter G:\XAMPP\htdocs\TiandaoStudy\Application\Home\Common\function.php 第 105 行.
NOTIC: [8] Undefined variable: p G:\XAMPP\htdocs\TiandaoStudy\Application\Home\Common\function.php 第 105 行.
SQL: SELECT * FROM `td_adlocation` WHERE `status` = 1 ORDER BY id desc LIMIT 0,10   [ RunTime:0.0010s ]
SQL: SHOW COLUMNS FROM `td_adposition` [ RunTime:0.0014s ]
SQL: SELECT * FROM `td_adposition`  [ RunTime:0.0007s ]
INFO: [ view_parse ] --START--
INFO: [ template_filter ] --START--
INFO: Run Behavior\ContentReplaceBehavior [ RunTime:0.000055s ]
INFO: [ template_filter ] --END-- [ RunTime:0.000099s ]
INFO: Run Behavior\ParseTemplateBehavior [ RunTime:0.018961s ]
INFO: [ view_parse ] --END-- [ RunTime:0.019032s ]
INFO: [ view_filter ] --START--
INFO: Run Behavior\WriteHtmlCacheBehavior [ RunTime:0.000423s ]
INFO: [ view_filter ] --END-- [ RunTime:0.000452s ]
INFO: [ app_end ] --START--
INFO: Run Behavior\ShowPageTraceBehavior [ RunTime:0.000607s ]
INFO: [ app_end ] --END-- [ RunTime:0.000645s ]

[ 2017-08-22T09:33:43+08:00 ] 127.0.0.1 /Consult/index.html
INFO: [ app_init ] --START--
INFO: Run Behavior\BuildLiteBehavior [ RunTime:0.000010s ]
INFO: [ app_init ] --END-- [ RunTime:0.000264s ]
INFO: [ app_begin ] --START--
INFO: Run Behavior\ReadHtmlCacheBehavior [ RunTime:0.000397s ]
INFO: [ app_begin ] --END-- [ RunTime:0.000433s ]
SQL: SHOW COLUMNS FROM `td_consult` [ RunTime:0.0017s ]
NOTIC: [8] Undefined variable: where G:\XAMPP\htdocs\TiandaoStudy\Application\Home\Controller\ConsultController.class.php 第 93 行.
SQL: SELECT COUNT(*) AS tp_count FROM `td_consult` LIMIT 1   [ RunTime:0.0013s ]
NOTIC: [2] Missing argument 4 for Think\Page::__construct(), called in G:\XAMPP\htdocs\TiandaoStudy\Application\Home\Controller\ConsultController.class.php on line 99 and defined G:\XAMPP\htdocs\TiandaoStudy\ThinkPHP\Library\Think\Page.class.php 第 42 行.
NOTIC: [8] Undefined variable: where G:\XAMPP\htdocs\TiandaoStudy\Application\Home\Controller\ConsultController.class.php 第 107 行.
SQL: SELECT * FROM `td_consult` ORDER BY pub_time desc LIMIT 0,10   [ RunTime:0.0043s ]
SQL: SHOW COLUMNS FROM `td_country` [ RunTime:0.0013s ]
SQL: SELECT * FROM `td_country`  [ RunTime:0.0006s ]
NOTIC: [2] Missing argument 1 for Home\Model\ConsultModel::get_cate(), called in G:\XAMPP\htdocs\TiandaoStudy\Application\Home\Controller\ConsultController.class.php on line 109 and defined G:\XAMPP\htdocs\TiandaoStudy\Application\Home\Model\ConsultModel.class.php 第 79 行.
SQL: SHOW COLUMNS FROM `td_cate` [ RunTime:0.0014s ]
SQL: SELECT * FROM `td_cate`  [ RunTime:0.0007s ]
NOTIC: [2] Missing argument 1 for Home\Model\ConsultModel::get_edu(), called in G:\XAMPP\htdocs\TiandaoStudy\Application\Home\Controller\ConsultController.class.php on line 110 and defined G:\XAMPP\htdocs\TiandaoStudy\Application\Home\Model\ConsultModel.class.php 第 89 行.
SQL: SHOW COLUMNS FROM `td_edu` [ RunTime:0.0014s ]
SQL: SELECT * FROM `td_edu`  [ RunTime:0.0007s ]
INFO: [ view_parse ] --START--
INFO: [ template_filter ] --START--
INFO: Run Behavior\ContentReplaceBehavior [ RunTime:0.000077s ]
INFO: [ template_filter ] --END-- [ RunTime:0.000124s ]
INFO: Run Behavior\ParseTemplateBehavior [ RunTime:0.019165s ]
INFO: [ view_parse ] --END-- [ RunTime:0.019209s ]
INFO: [ view_filter ] --START--
INFO: Run Behavior\WriteHtmlCacheBehavior [ RunTime:0.000291s ]
INFO: [ view_filter ] --END-- [ RunTime:0.000318s ]
INFO: [ app_end ] --START--
INFO: Run Behavior\ShowPageTraceBehavior [ RunTime:0.000557s ]
INFO: [ app_end ] --END-- [ RunTime:0.000595s ]

[ 2017-08-22T09:57:48+08:00 ] 127.0.0.1 /Adlocation/index.html
INFO: [ app_init ] --START--
INFO: Run Behavior\BuildLiteBehavior [ RunTime:0.000012s ]
INFO: [ app_init ] --END-- [ RunTime:0.000366s ]
INFO: [ app_begin ] --START--
INFO: Run Behavior\ReadHtmlCacheBehavior [ RunTime:0.000462s ]
INFO: [ app_begin ] --END-- [ RunTime:0.000513s ]
SQL: SHOW COLUMNS FROM `td_adlocation` [ RunTime:0.0022s ]
SQL: SELECT COUNT(*) AS tp_count FROM `td_adlocation` WHERE `status` = 1 LIMIT 1   [ RunTime:0.0013s ]
NOTIC: [2] Missing argument 5 for get_page(), called in G:\XAMPP\htdocs\TiandaoStudy\Application\Home\Controller\AdlocationController.class.php on line 43 and defined G:\XAMPP\htdocs\TiandaoStudy\Application\Home\Common\function.php 第 103 行.
NOTIC: [2] Missing argument 6 for get_page(), called in G:\XAMPP\htdocs\TiandaoStudy\Application\Home\Controller\AdlocationController.class.php on line 43 and defined G:\XAMPP\htdocs\TiandaoStudy\Application\Home\Common\function.php 第 103 行.
NOTIC: [8] Undefined variable: parameter G:\XAMPP\htdocs\TiandaoStudy\Application\Home\Common\function.php 第 105 行.
NOTIC: [8] Undefined variable: p G:\XAMPP\htdocs\TiandaoStudy\Application\Home\Common\function.php 第 105 行.
SQL: SELECT * FROM `td_adlocation` WHERE `status` = 1 ORDER BY id desc LIMIT 0,10   [ RunTime:0.0011s ]
SQL: SHOW COLUMNS FROM `td_adposition` [ RunTime:0.0014s ]
SQL: SELECT * FROM `td_adposition`  [ RunTime:0.0014s ]
INFO: [ view_parse ] --START--
INFO: [ template_filter ] --START--
INFO: Run Behavior\ContentReplaceBehavior [ RunTime:0.000057s ]
INFO: [ template_filter ] --END-- [ RunTime:0.000103s ]
INFO: Run Behavior\ParseTemplateBehavior [ RunTime:0.018743s ]
INFO: [ view_parse ] --END-- [ RunTime:0.018787s ]
INFO: [ view_filter ] --START--
INFO: Run Behavior\WriteHtmlCacheBehavior [ RunTime:0.000297s ]
INFO: [ view_filter ] --END-- [ RunTime:0.000323s ]
INFO: [ app_end ] --START--
INFO: Run Behavior\ShowPageTraceBehavior [ RunTime:0.000621s ]
INFO: [ app_end ] --END-- [ RunTime:0.000673s ]

[ 2017-08-22T09:57:51+08:00 ] 127.0.0.1 /Adlocation/add.html?id=16&type=1
INFO: [ app_init ] --START--
INFO: Run Behavior\BuildLiteBehavior [ RunTime:0.000011s ]
INFO: [ app_init ] --END-- [ RunTime:0.000277s ]
INFO: [ app_begin ] --START--
INFO: Run Behavior\ReadHtmlCacheBehavior [ RunTime:0.000434s ]
INFO: [ app_begin ] --END-- [ RunTime:0.000471s ]
SQL: SHOW COLUMNS FROM `td_adlocation` [ RunTime:0.0016s ]
SQL: SELECT * FROM `td_adlocation` WHERE `id` = '16' LIMIT 1   [ RunTime:0.0012s ]
SQL: SHOW COLUMNS FROM `td_adposition` [ RunTime:0.0013s ]
SQL: SELECT * FROM `td_adposition` WHERE `page_id` = 1  [ RunTime:0.0013s ]
SQL: SELECT * FROM `td_adposition` WHERE `page_id` = 2  [ RunTime:0.0006s ]
SQL: SELECT * FROM `td_adposition` WHERE `page_id` = 3  [ RunTime:0.0007s ]
SQL: SELECT * FROM `td_adposition` WHERE `page_id` = 4  [ RunTime:0.0007s ]
INFO: [ view_parse ] --START--
INFO: [ template_filter ] --START--
INFO: Run Behavior\ContentReplaceBehavior [ RunTime:0.000067s ]
INFO: [ template_filter ] --END-- [ RunTime:0.000109s ]
INFO: Run Behavior\ParseTemplateBehavior [ RunTime:0.017078s ]
INFO: [ view_parse ] --END-- [ RunTime:0.017127s ]
INFO: [ view_filter ] --START--
INFO: Run Behavior\WriteHtmlCacheBehavior [ RunTime:0.000355s ]
INFO: [ view_filter ] --END-- [ RunTime:0.000386s ]
INFO: [ app_end ] --START--
INFO: Run Behavior\ShowPageTraceBehavior [ RunTime:0.000909s ]
INFO: [ app_end ] --END-- [ RunTime:0.000995s ]

[ 2017-08-22T09:57:53+08:00 ] 127.0.0.1 /Consult/index.html
INFO: [ app_init ] --START--
INFO: Run Behavior\BuildLiteBehavior [ RunTime:0.000010s ]
INFO: [ app_init ] --END-- [ RunTime:0.000271s ]
INFO: [ app_begin ] --START--
INFO: Run Behavior\ReadHtmlCacheBehavior [ RunTime:0.000624s ]
INFO: [ app_begin ] --END-- [ RunTime:0.000686s ]
SQL: SHOW COLUMNS FROM `td_consult` [ RunTime:0.0020s ]
NOTIC: [8] Undefined variable: where G:\XAMPP\htdocs\TiandaoStudy\Application\Home\Controller\ConsultController.class.php 第 93 行.
SQL: SELECT COUNT(*) AS tp_count FROM `td_consult` LIMIT 1   [ RunTime:0.0012s ]
NOTIC: [2] Missing argument 4 for Think\Page::__construct(), called in G:\XAMPP\htdocs\TiandaoStudy\Application\Home\Controller\ConsultController.class.php on line 99 and defined G:\XAMPP\htdocs\TiandaoStudy\ThinkPHP\Library\Think\Page.class.php 第 42 行.
NOTIC: [8] Undefined variable: where G:\XAMPP\htdocs\TiandaoStudy\Application\Home\Controller\ConsultController.class.php 第 107 行.
SQL: SELECT * FROM `td_consult` ORDER BY pub_time desc LIMIT 0,10   [ RunTime:0.0048s ]
SQL: SHOW COLUMNS FROM `td_country` [ RunTime:0.0012s ]
SQL: SELECT * FROM `td_country`  [ RunTime:0.0007s ]
NOTIC: [2] Missing argument 1 for Home\Model\ConsultModel::get_cate(), called in G:\XAMPP\htdocs\TiandaoStudy\Application\Home\Controller\ConsultController.class.php on line 109 and defined G:\XAMPP\htdocs\TiandaoStudy\Application\Home\Model\ConsultModel.class.php 第 79 行.
SQL: SHOW COLUMNS FROM `td_cate` [ RunTime:0.0014s ]
SQL: SELECT * FROM `td_cate`  [ RunTime:0.0007s ]
NOTIC: [2] Missing argument 1 for Home\Model\ConsultModel::get_edu(), called in G:\XAMPP\htdocs\TiandaoStudy\Application\Home\Controller\ConsultController.class.php on line 110 and defined G:\XAMPP\htdocs\TiandaoStudy\Application\Home\Model\ConsultModel.class.php 第 89 行.
SQL: SHOW COLUMNS FROM `td_edu` [ RunTime:0.0014s ]
SQL: SELECT * FROM `td_edu`  [ RunTime:0.0006s ]
INFO: [ view_parse ] --START--
INFO: [ template_filter ] --START--
INFO: Run Behavior\ContentReplaceBehavior [ RunTime:0.000075s ]
INFO: [ template_filter ] --END-- [ RunTime:0.000117s ]
INFO: Run Behavior\ParseTemplateBehavior [ RunTime:0.018430s ]
INFO: [ view_parse ] --END-- [ RunTime:0.018474s ]
INFO: [ view_filter ] --START--
INFO: Run Behavior\WriteHtmlCacheBehavior [ RunTime:0.000279s ]
INFO: [ view_filter ] --END-- [ RunTime:0.000305s ]
INFO: [ app_end ] --START--
INFO: Run Behavior\ShowPageTraceBehavior [ RunTime:0.000572s ]
INFO: [ app_end ] --END-- [ RunTime:0.000610s ]

[ 2017-08-22T09:58:32+08:00 ] 127.0.0.1 /User/index.html
INFO: [ app_init ] --START--
INFO: Run Behavior\BuildLiteBehavior [ RunTime:0.000009s ]
INFO: [ app_init ] --END-- [ RunTime:0.000261s ]
INFO: [ app_begin ] --START--
INFO: Run Behavior\ReadHtmlCacheBehavior [ RunTime:0.000416s ]
INFO: [ app_begin ] --END-- [ RunTime:0.000453s ]
SQL: SHOW COLUMNS FROM `td_member` [ RunTime:0.0020s ]
SQL: SHOW COLUMNS FROM `td_user` [ RunTime:0.0019s ]
SQL: SELECT COUNT(*) AS tp_count FROM td_member a RIGHT JOIN onion.td_user b ON a.id = b.uid   WHERE a.source = 5 AND b.cert_state = 1 LIMIT 1   [ RunTime:0.0017s ]
NOTIC: [2] Missing argument 3 for Home\Model\MemberModel::getAllList(), called in G:\XAMPP\htdocs\TiandaoStudy\Application\Home\Common\function.php on line 111 and defined G:\XAMPP\htdocs\TiandaoStudy\Application\Home\Model\MemberModel.class.php 第 40 行.
NOTIC: [8] Undefined variable: field G:\XAMPP\htdocs\TiandaoStudy\Application\Home\Model\MemberModel.class.php 第 45 行.
SQL: SELECT * FROM td_member a RIGHT JOIN onion.td_user b ON a.id = b.uid   WHERE a.source = 5 AND b.cert_state = 1 ORDER BY uid DESC LIMIT 0,10   [ RunTime:0.0022s ]
SQL: SELECT COUNT(*) AS tp_count FROM td_member a RIGHT JOIN onion.td_user b ON a.id = b.uid   WHERE b.cert_state = 2 LIMIT 1   [ RunTime:0.0011s ]
NOTIC: [8] Undefined variable: page_show G:\XAMPP\htdocs\TiandaoStudy\Application\Home\Common\function.php 第 73 行.
NOTIC: [2] Missing argument 3 for Home\Model\MemberModel::getAllList(), called in G:\XAMPP\htdocs\TiandaoStudy\Application\Home\Common\function.php on line 111 and defined G:\XAMPP\htdocs\TiandaoStudy\Application\Home\Model\MemberModel.class.php 第 40 行.
NOTIC: [8] Undefined variable: field G:\XAMPP\htdocs\TiandaoStudy\Application\Home\Model\MemberModel.class.php 第 45 行.
SQL: SELECT * FROM td_member a RIGHT JOIN onion.td_user b ON a.id = b.uid   WHERE b.cert_state = 2 ORDER BY uid DESC LIMIT 0,10   [ RunTime:0.0023s ]
INFO: [ view_parse ] --START--
INFO: [ template_filter ] --START--
INFO: Run Behavior\ContentReplaceBehavior [ RunTime:0.000325s ]
INFO: [ template_filter ] --END-- [ RunTime:0.000546s ]
INFO: Run Behavior\ParseTemplateBehavior [ RunTime:0.103665s ]
INFO: [ view_parse ] --END-- [ RunTime:0.103729s ]
INFO: [ view_filter ] --START--
INFO: Run Behavior\WriteHtmlCacheBehavior [ RunTime:0.000413s ]
INFO: [ view_filter ] --END-- [ RunTime:0.000451s ]
INFO: [ app_end ] --START--
INFO: Run Behavior\ShowPageTraceBehavior [ RunTime:0.000767s ]
INFO: [ app_end ] --END-- [ RunTime:0.000818s ]

[ 2017-08-22T09:58:35+08:00 ] 127.0.0.1 /User/user_list.html?uid=24105
INFO: [ app_init ] --START--
INFO: Run Behavior\BuildLiteBehavior [ RunTime:0.000010s ]
INFO: [ app_init ] --END-- [ RunTime:0.000272s ]
INFO: [ app_begin ] --START--
INFO: Run Behavior\ReadHtmlCacheBehavior [ RunTime:0.000502s ]
INFO: [ app_begin ] --END-- [ RunTime:0.000549s ]
SQL: SHOW COLUMNS FROM `td_member` [ RunTime:0.0017s ]
NOTIC: [2] Missing argument 2 for Home\Model\MemberModel::getAllList(), called in G:\XAMPP\htdocs\TiandaoStudy\Application\Home\Controller\UserController.class.php on line 192 and defined G:\XAMPP\htdocs\TiandaoStudy\Application\Home\Model\MemberModel.class.php 第 40 行.
NOTIC: [2] Missing argument 3 for Home\Model\MemberModel::getAllList(), called in G:\XAMPP\htdocs\TiandaoStudy\Application\Home\Controller\UserController.class.php on line 192 and defined G:\XAMPP\htdocs\TiandaoStudy\Application\Home\Model\MemberModel.class.php 第 40 行.
NOTIC: [8] Undefined variable: limit G:\XAMPP\htdocs\TiandaoStudy\Application\Home\Model\MemberModel.class.php 第 44 行.
NOTIC: [8] Undefined variable: field G:\XAMPP\htdocs\TiandaoStudy\Application\Home\Model\MemberModel.class.php 第 45 行.
SQL: SELECT * FROM td_member a RIGHT JOIN onion.td_user b ON a.id = b.uid   WHERE a.id = '24105' ORDER BY uid DESC  [ RunTime:0.0021s ]
INFO: [ view_parse ] --START--
INFO: [ template_filter ] --START--
INFO: Run Behavior\ContentReplaceBehavior [ RunTime:0.000033s ]
INFO: [ template_filter ] --END-- [ RunTime:0.000074s ]
INFO: Run Behavior\ParseTemplateBehavior [ RunTime:0.032566s ]
INFO: [ view_parse ] --END-- [ RunTime:0.032616s ]
INFO: [ view_filter ] --START--
INFO: Run Behavior\WriteHtmlCacheBehavior [ RunTime:0.000285s ]
INFO: [ view_filter ] --END-- [ RunTime:0.000314s ]
INFO: [ app_end ] --START--
INFO: Run Behavior\ShowPageTraceBehavior [ RunTime:0.000399s ]
INFO: [ app_end ] --END-- [ RunTime:0.000428s ]

