[ 2017-08-19T13:19:55+08:00 ] 127.0.0.1 /Special/index.html
INFO: [ app_init ] --START--
INFO: Run Behavior\BuildLiteBehavior [ RunTime:0.000015s ]
INFO: [ app_init ] --END-- [ RunTime:0.048744s ]
INFO: [ app_begin ] --START--
INFO: Run Behavior\ReadHtmlCacheBehavior [ RunTime:0.017470s ]
INFO: [ app_begin ] --END-- [ RunTime:0.017536s ]
NOTIC: [8] Undefined index: _string G:\XAMPP\htdocs\TiandaoStudy\Application\Home\Controller\SpecialController.class.php 第 35 行.
SQL: SHOW COLUMNS FROM `td_special` [ RunTime:0.0027s ]
SQL: SELECT COUNT(*) AS tp_count FROM `td_special` WHERE `status` = 1 LIMIT 1   [ RunTime:0.0013s ]
NOTIC: [2] implode(): Invalid arguments passed G:\XAMPP\htdocs\TiandaoStudy\Application\Home\Controller\SpecialController.class.php 第 98 行.
SQL: SELECT * FROM td_special a WHERE `status` = 1 ORDER BY id DESC LIMIT 0,10   [ RunTime:0.0020s ]
SQL: SELECT COUNT(*) AS tp_count FROM `td_special` WHERE `status` = '-1' LIMIT 1   [ RunTime:0.0006s ]
NOTIC: [8] Undefined variable: page_show G:\XAMPP\htdocs\TiandaoStudy\Application\Home\Common\function.php 第 73 行.
SQL: SELECT * FROM td_special a WHERE `status` = '-1' ORDER BY id DESC LIMIT 0,10   [ RunTime:0.0014s ]
SQL: SHOW COLUMNS FROM `td_country` [ RunTime:0.0015s ]
SQL: SELECT * FROM `td_country`  [ RunTime:0.0007s ]
INFO: [ view_parse ] --START--
INFO: [ template_filter ] --START--
INFO: Run Behavior\ContentReplaceBehavior [ RunTime:0.000626s ]
INFO: [ template_filter ] --END-- [ RunTime:0.000677s ]
NOTIC: [8] Undefined variable: checked G:\XAMPP\htdocs\TiandaoStudy\Application\Runtime\Cache\Home\d421352dfdc946c93d83cd205baf0330.php 第 47 行.
NOTIC: [8] Undefined variable: checked G:\XAMPP\htdocs\TiandaoStudy\Application\Runtime\Cache\Home\d421352dfdc946c93d83cd205baf0330.php 第 47 行.
NOTIC: [8] Undefined variable: checked G:\XAMPP\htdocs\TiandaoStudy\Application\Runtime\Cache\Home\d421352dfdc946c93d83cd205baf0330.php 第 47 行.
NOTIC: [8] Undefined variable: checked G:\XAMPP\htdocs\TiandaoStudy\Application\Runtime\Cache\Home\d421352dfdc946c93d83cd205baf0330.php 第 47 行.
NOTIC: [8] Undefined variable: checked G:\XAMPP\htdocs\TiandaoStudy\Application\Runtime\Cache\Home\d421352dfdc946c93d83cd205baf0330.php 第 47 行.
NOTIC: [8] Undefined variable: checked G:\XAMPP\htdocs\TiandaoStudy\Application\Runtime\Cache\Home\d421352dfdc946c93d83cd205baf0330.php 第 47 行.
NOTIC: [8] Undefined variable: checked G:\XAMPP\htdocs\TiandaoStudy\Application\Runtime\Cache\Home\d421352dfdc946c93d83cd205baf0330.php 第 47 行.
NOTIC: [8] Undefined variable: checked G:\XAMPP\htdocs\TiandaoStudy\Application\Runtime\Cache\Home\d421352dfdc946c93d83cd205baf0330.php 第 47 行.
NOTIC: [8] Undefined variable: checked G:\XAMPP\htdocs\TiandaoStudy\Application\Runtime\Cache\Home\d421352dfdc946c93d83cd205baf0330.php 第 47 行.
NOTIC: [8] Undefined variable: checked G:\XAMPP\htdocs\TiandaoStudy\Application\Runtime\Cache\Home\d421352dfdc946c93d83cd205baf0330.php 第 47 行.
NOTIC: [8] Undefined variable: checked G:\XAMPP\htdocs\TiandaoStudy\Application\Runtime\Cache\Home\d421352dfdc946c93d83cd205baf0330.php 第 47 行.
NOTIC: [8] Undefined variable: checked G:\XAMPP\htdocs\TiandaoStudy\Application\Runtime\Cache\Home\d421352dfdc946c93d83cd205baf0330.php 第 47 行.
NOTIC: [8] Undefined variable: checked G:\XAMPP\htdocs\TiandaoStudy\Application\Runtime\Cache\Home\d421352dfdc946c93d83cd205baf0330.php 第 47 行.
NOTIC: [8] Undefined variable: checked G:\XAMPP\htdocs\TiandaoStudy\Application\Runtime\Cache\Home\d421352dfdc946c93d83cd205baf0330.php 第 47 行.
NOTIC: [8] Undefined variable: checked G:\XAMPP\htdocs\TiandaoStudy\Application\Runtime\Cache\Home\d421352dfdc946c93d83cd205baf0330.php 第 47 行.
NOTIC: [8] Undefined variable: checked G:\XAMPP\htdocs\TiandaoStudy\Application\Runtime\Cache\Home\d421352dfdc946c93d83cd205baf0330.php 第 47 行.
NOTIC: [8] Undefined variable: checked G:\XAMPP\htdocs\TiandaoStudy\Application\Runtime\Cache\Home\d421352dfdc946c93d83cd205baf0330.php 第 47 行.
NOTIC: [8] Undefined variable: checked G:\XAMPP\htdocs\TiandaoStudy\Application\Runtime\Cache\Home\d421352dfdc946c93d83cd205baf0330.php 第 47 行.
NOTIC: [8] Undefined variable: checked G:\XAMPP\htdocs\TiandaoStudy\Application\Runtime\Cache\Home\d421352dfdc946c93d83cd205baf0330.php 第 47 行.
NOTIC: [8] Undefined variable: checked G:\XAMPP\htdocs\TiandaoStudy\Application\Runtime\Cache\Home\d421352dfdc946c93d83cd205baf0330.php 第 47 行.
NOTIC: [8] Undefined variable: checked G:\XAMPP\htdocs\TiandaoStudy\Application\Runtime\Cache\Home\d421352dfdc946c93d83cd205baf0330.php 第 47 行.
NOTIC: [8] Undefined variable: checked G:\XAMPP\htdocs\TiandaoStudy\Application\Runtime\Cache\Home\d421352dfdc946c93d83cd205baf0330.php 第 47 行.
NOTIC: [8] Undefined variable: checked G:\XAMPP\htdocs\TiandaoStudy\Application\Runtime\Cache\Home\d421352dfdc946c93d83cd205baf0330.php 第 47 行.
NOTIC: [8] Undefined variable: countryId G:\XAMPP\htdocs\TiandaoStudy\Application\Runtime\Cache\Home\d421352dfdc946c93d83cd205baf0330.php 第 164 行.
NOTIC: [8] Undefined variable: countryId G:\XAMPP\htdocs\TiandaoStudy\Application\Runtime\Cache\Home\d421352dfdc946c93d83cd205baf0330.php 第 164 行.
NOTIC: [8] Undefined variable: countryId G:\XAMPP\htdocs\TiandaoStudy\Application\Runtime\Cache\Home\d421352dfdc946c93d83cd205baf0330.php 第 164 行.
NOTIC: [8] Undefined variable: countryId G:\XAMPP\htdocs\TiandaoStudy\Application\Runtime\Cache\Home\d421352dfdc946c93d83cd205baf0330.php 第 164 行.
NOTIC: [8] Undefined variable: countryId G:\XAMPP\htdocs\TiandaoStudy\Application\Runtime\Cache\Home\d421352dfdc946c93d83cd205baf0330.php 第 164 行.
NOTIC: [8] Undefined variable: countryId G:\XAMPP\htdocs\TiandaoStudy\Application\Runtime\Cache\Home\d421352dfdc946c93d83cd205baf0330.php 第 164 行.
NOTIC: [8] Undefined variable: countryId G:\XAMPP\htdocs\TiandaoStudy\Application\Runtime\Cache\Home\d421352dfdc946c93d83cd205baf0330.php 第 164 行.
NOTIC: [8] Undefined variable: countryId G:\XAMPP\htdocs\TiandaoStudy\Application\Runtime\Cache\Home\d421352dfdc946c93d83cd205baf0330.php 第 164 行.
NOTIC: [8] Undefined variable: countryId G:\XAMPP\htdocs\TiandaoStudy\Application\Runtime\Cache\Home\d421352dfdc946c93d83cd205baf0330.php 第 164 行.
NOTIC: [8] Undefined variable: countryId G:\XAMPP\htdocs\TiandaoStudy\Application\Runtime\Cache\Home\d421352dfdc946c93d83cd205baf0330.php 第 164 行.
NOTIC: [8] Undefined variable: countryId G:\XAMPP\htdocs\TiandaoStudy\Application\Runtime\Cache\Home\d421352dfdc946c93d83cd205baf0330.php 第 164 行.
NOTIC: [8] Undefined variable: countryId G:\XAMPP\htdocs\TiandaoStudy\Application\Runtime\Cache\Home\d421352dfdc946c93d83cd205baf0330.php 第 164 行.
NOTIC: [8] Undefined variable: countryId G:\XAMPP\htdocs\TiandaoStudy\Application\Runtime\Cache\Home\d421352dfdc946c93d83cd205baf0330.php 第 164 行.
NOTIC: [8] Undefined variable: countryId G:\XAMPP\htdocs\TiandaoStudy\Application\Runtime\Cache\Home\d421352dfdc946c93d83cd205baf0330.php 第 164 行.
NOTIC: [8] Undefined variable: countryId G:\XAMPP\htdocs\TiandaoStudy\Application\Runtime\Cache\Home\d421352dfdc946c93d83cd205baf0330.php 第 164 行.
NOTIC: [8] Undefined variable: countryId G:\XAMPP\htdocs\TiandaoStudy\Application\Runtime\Cache\Home\d421352dfdc946c93d83cd205baf0330.php 第 164 行.
NOTIC: [8] Undefined variable: countryId G:\XAMPP\htdocs\TiandaoStudy\Application\Runtime\Cache\Home\d421352dfdc946c93d83cd205baf0330.php 第 164 行.
NOTIC: [8] Undefined variable: countryId G:\XAMPP\htdocs\TiandaoStudy\Application\Runtime\Cache\Home\d421352dfdc946c93d83cd205baf0330.php 第 164 行.
NOTIC: [8] Undefined variable: countryId G:\XAMPP\htdocs\TiandaoStudy\Application\Runtime\Cache\Home\d421352dfdc946c93d83cd205baf0330.php 第 164 行.
NOTIC: [8] Undefined variable: countryId G:\XAMPP\htdocs\TiandaoStudy\Application\Runtime\Cache\Home\d421352dfdc946c93d83cd205baf0330.php 第 164 行.
NOTIC: [8] Undefined variable: countryId G:\XAMPP\htdocs\TiandaoStudy\Application\Runtime\Cache\Home\d421352dfdc946c93d83cd205baf0330.php 第 164 行.
NOTIC: [8] Undefined variable: countryId G:\XAMPP\htdocs\TiandaoStudy\Application\Runtime\Cache\Home\d421352dfdc946c93d83cd205baf0330.php 第 164 行.
NOTIC: [8] Undefined variable: countryId G:\XAMPP\htdocs\TiandaoStudy\Application\Runtime\Cache\Home\d421352dfdc946c93d83cd205baf0330.php 第 164 行.
INFO: Run Behavior\ParseTemplateBehavior [ RunTime:0.213102s ]
INFO: [ view_parse ] --END-- [ RunTime:0.213146s ]
INFO: [ view_filter ] --START--
INFO: Run Behavior\WriteHtmlCacheBehavior [ RunTime:0.040297s ]
INFO: [ view_filter ] --END-- [ RunTime:0.040350s ]
INFO: [ app_end ] --START--
INFO: Run Behavior\ShowPageTraceBehavior [ RunTime:0.015504s ]
INFO: [ app_end ] --END-- [ RunTime:0.015561s ]

[ 2017-08-19T13:19:55+08:00 ] 127.0.0.1 /Special/index.html
INFO: [ app_init ] --START--
INFO: Run Behavior\BuildLiteBehavior [ RunTime:0.000015s ]
INFO: [ app_init ] --END-- [ RunTime:0.000345s ]
INFO: [ app_begin ] --START--
INFO: Run Behavior\ReadHtmlCacheBehavior [ RunTime:0.000573s ]
INFO: [ app_begin ] --END-- [ RunTime:0.000627s ]
NOTIC: [8] Undefined index: _string G:\XAMPP\htdocs\TiandaoStudy\Application\Home\Controller\SpecialController.class.php 第 35 行.
SQL: SHOW COLUMNS FROM `td_special` [ RunTime:0.0017s ]
SQL: SELECT COUNT(*) AS tp_count FROM `td_special` WHERE `status` = 1 LIMIT 1   [ RunTime:0.0012s ]
NOTIC: [2] implode(): Invalid arguments passed G:\XAMPP\htdocs\TiandaoStudy\Application\Home\Controller\SpecialController.class.php 第 98 行.
SQL: SELECT * FROM td_special a WHERE `status` = 1 ORDER BY id DESC LIMIT 0,10   [ RunTime:0.0019s ]
SQL: SELECT COUNT(*) AS tp_count FROM `td_special` WHERE `status` = '-1' LIMIT 1   [ RunTime:0.0032s ]
NOTIC: [8] Undefined variable: page_show G:\XAMPP\htdocs\TiandaoStudy\Application\Home\Common\function.php 第 73 行.
SQL: SELECT * FROM td_special a WHERE `status` = '-1' ORDER BY id DESC LIMIT 0,10   [ RunTime:0.0010s ]
SQL: SHOW COLUMNS FROM `td_country` [ RunTime:0.0014s ]
SQL: SELECT * FROM `td_country`  [ RunTime:0.0013s ]
INFO: [ view_parse ] --START--
INFO: [ template_filter ] --START--
INFO: Run Behavior\ContentReplaceBehavior [ RunTime:0.000093s ]
INFO: [ template_filter ] --END-- [ RunTime:0.000139s ]
NOTIC: [8] Undefined variable: checked G:\XAMPP\htdocs\TiandaoStudy\Application\Runtime\Cache\Home\d421352dfdc946c93d83cd205baf0330.php 第 47 行.
NOTIC: [8] Undefined variable: checked G:\XAMPP\htdocs\TiandaoStudy\Application\Runtime\Cache\Home\d421352dfdc946c93d83cd205baf0330.php 第 47 行.
NOTIC: [8] Undefined variable: checked G:\XAMPP\htdocs\TiandaoStudy\Application\Runtime\Cache\Home\d421352dfdc946c93d83cd205baf0330.php 第 47 行.
NOTIC: [8] Undefined variable: checked G:\XAMPP\htdocs\TiandaoStudy\Application\Runtime\Cache\Home\d421352dfdc946c93d83cd205baf0330.php 第 47 行.
NOTIC: [8] Undefined variable: checked G:\XAMPP\htdocs\TiandaoStudy\Application\Runtime\Cache\Home\d421352dfdc946c93d83cd205baf0330.php 第 47 行.
NOTIC: [8] Undefined variable: checked G:\XAMPP\htdocs\TiandaoStudy\Application\Runtime\Cache\Home\d421352dfdc946c93d83cd205baf0330.php 第 47 行.
NOTIC: [8] Undefined variable: checked G:\XAMPP\htdocs\TiandaoStudy\Application\Runtime\Cache\Home\d421352dfdc946c93d83cd205baf0330.php 第 47 行.
NOTIC: [8] Undefined variable: checked G:\XAMPP\htdocs\TiandaoStudy\Application\Runtime\Cache\Home\d421352dfdc946c93d83cd205baf0330.php 第 47 行.
NOTIC: [8] Undefined variable: checked G:\XAMPP\htdocs\TiandaoStudy\Application\Runtime\Cache\Home\d421352dfdc946c93d83cd205baf0330.php 第 47 行.
NOTIC: [8] Undefined variable: checked G:\XAMPP\htdocs\TiandaoStudy\Application\Runtime\Cache\Home\d421352dfdc946c93d83cd205baf0330.php 第 47 行.
NOTIC: [8] Undefined variable: checked G:\XAMPP\htdocs\TiandaoStudy\Application\Runtime\Cache\Home\d421352dfdc946c93d83cd205baf0330.php 第 47 行.
NOTIC: [8] Undefined variable: checked G:\XAMPP\htdocs\TiandaoStudy\Application\Runtime\Cache\Home\d421352dfdc946c93d83cd205baf0330.php 第 47 行.
NOTIC: [8] Undefined variable: checked G:\XAMPP\htdocs\TiandaoStudy\Application\Runtime\Cache\Home\d421352dfdc946c93d83cd205baf0330.php 第 47 行.
NOTIC: [8] Undefined variable: checked G:\XAMPP\htdocs\TiandaoStudy\Application\Runtime\Cache\Home\d421352dfdc946c93d83cd205baf0330.php 第 47 行.
NOTIC: [8] Undefined variable: checked G:\XAMPP\htdocs\TiandaoStudy\Application\Runtime\Cache\Home\d421352dfdc946c93d83cd205baf0330.php 第 47 行.
NOTIC: [8] Undefined variable: checked G:\XAMPP\htdocs\TiandaoStudy\Application\Runtime\Cache\Home\d421352dfdc946c93d83cd205baf0330.php 第 47 行.
NOTIC: [8] Undefined variable: checked G:\XAMPP\htdocs\TiandaoStudy\Application\Runtime\Cache\Home\d421352dfdc946c93d83cd205baf0330.php 第 47 行.
NOTIC: [8] Undefined variable: checked G:\XAMPP\htdocs\TiandaoStudy\Application\Runtime\Cache\Home\d421352dfdc946c93d83cd205baf0330.php 第 47 行.
NOTIC: [8] Undefined variable: checked G:\XAMPP\htdocs\TiandaoStudy\Application\Runtime\Cache\Home\d421352dfdc946c93d83cd205baf0330.php 第 47 行.
NOTIC: [8] Undefined variable: checked G:\XAMPP\htdocs\TiandaoStudy\Application\Runtime\Cache\Home\d421352dfdc946c93d83cd205baf0330.php 第 47 行.
NOTIC: [8] Undefined variable: checked G:\XAMPP\htdocs\TiandaoStudy\Application\Runtime\Cache\Home\d421352dfdc946c93d83cd205baf0330.php 第 47 行.
NOTIC: [8] Undefined variable: checked G:\XAMPP\htdocs\TiandaoStudy\Application\Runtime\Cache\Home\d421352dfdc946c93d83cd205baf0330.php 第 47 行.
NOTIC: [8] Undefined variable: checked G:\XAMPP\htdocs\TiandaoStudy\Application\Runtime\Cache\Home\d421352dfdc946c93d83cd205baf0330.php 第 47 行.
NOTIC: [8] Undefined variable: countryId G:\XAMPP\htdocs\TiandaoStudy\Application\Runtime\Cache\Home\d421352dfdc946c93d83cd205baf0330.php 第 164 行.
NOTIC: [8] Undefined variable: countryId G:\XAMPP\htdocs\TiandaoStudy\Application\Runtime\Cache\Home\d421352dfdc946c93d83cd205baf0330.php 第 164 行.
NOTIC: [8] Undefined variable: countryId G:\XAMPP\htdocs\TiandaoStudy\Application\Runtime\Cache\Home\d421352dfdc946c93d83cd205baf0330.php 第 164 行.
NOTIC: [8] Undefined variable: countryId G:\XAMPP\htdocs\TiandaoStudy\Application\Runtime\Cache\Home\d421352dfdc946c93d83cd205baf0330.php 第 164 行.
NOTIC: [8] Undefined variable: countryId G:\XAMPP\htdocs\TiandaoStudy\Application\Runtime\Cache\Home\d421352dfdc946c93d83cd205baf0330.php 第 164 行.
NOTIC: [8] Undefined variable: countryId G:\XAMPP\htdocs\TiandaoStudy\Application\Runtime\Cache\Home\d421352dfdc946c93d83cd205baf0330.php 第 164 行.
NOTIC: [8] Undefined variable: countryId G:\XAMPP\htdocs\TiandaoStudy\Application\Runtime\Cache\Home\d421352dfdc946c93d83cd205baf0330.php 第 164 行.
NOTIC: [8] Undefined variable: countryId G:\XAMPP\htdocs\TiandaoStudy\Application\Runtime\Cache\Home\d421352dfdc946c93d83cd205baf0330.php 第 164 行.
NOTIC: [8] Undefined variable: countryId G:\XAMPP\htdocs\TiandaoStudy\Application\Runtime\Cache\Home\d421352dfdc946c93d83cd205baf0330.php 第 164 行.
NOTIC: [8] Undefined variable: countryId G:\XAMPP\htdocs\TiandaoStudy\Application\Runtime\Cache\Home\d421352dfdc946c93d83cd205baf0330.php 第 164 行.
NOTIC: [8] Undefined variable: countryId G:\XAMPP\htdocs\TiandaoStudy\Application\Runtime\Cache\Home\d421352dfdc946c93d83cd205baf0330.php 第 164 行.
NOTIC: [8] Undefined variable: countryId G:\XAMPP\htdocs\TiandaoStudy\Application\Runtime\Cache\Home\d421352dfdc946c93d83cd205baf0330.php 第 164 行.
NOTIC: [8] Undefined variable: countryId G:\XAMPP\htdocs\TiandaoStudy\Application\Runtime\Cache\Home\d421352dfdc946c93d83cd205baf0330.php 第 164 行.
NOTIC: [8] Undefined variable: countryId G:\XAMPP\htdocs\TiandaoStudy\Application\Runtime\Cache\Home\d421352dfdc946c93d83cd205baf0330.php 第 164 行.
NOTIC: [8] Undefined variable: countryId G:\XAMPP\htdocs\TiandaoStudy\Application\Runtime\Cache\Home\d421352dfdc946c93d83cd205baf0330.php 第 164 行.
NOTIC: [8] Undefined variable: countryId G:\XAMPP\htdocs\TiandaoStudy\Application\Runtime\Cache\Home\d421352dfdc946c93d83cd205baf0330.php 第 164 行.
NOTIC: [8] Undefined variable: countryId G:\XAMPP\htdocs\TiandaoStudy\Application\Runtime\Cache\Home\d421352dfdc946c93d83cd205baf0330.php 第 164 行.
NOTIC: [8] Undefined variable: countryId G:\XAMPP\htdocs\TiandaoStudy\Application\Runtime\Cache\Home\d421352dfdc946c93d83cd205baf0330.php 第 164 行.
NOTIC: [8] Undefined variable: countryId G:\XAMPP\htdocs\TiandaoStudy\Application\Runtime\Cache\Home\d421352dfdc946c93d83cd205baf0330.php 第 164 行.
NOTIC: [8] Undefined variable: countryId G:\XAMPP\htdocs\TiandaoStudy\Application\Runtime\Cache\Home\d421352dfdc946c93d83cd205baf0330.php 第 164 行.
NOTIC: [8] Undefined variable: countryId G:\XAMPP\htdocs\TiandaoStudy\Application\Runtime\Cache\Home\d421352dfdc946c93d83cd205baf0330.php 第 164 行.
NOTIC: [8] Undefined variable: countryId G:\XAMPP\htdocs\TiandaoStudy\Application\Runtime\Cache\Home\d421352dfdc946c93d83cd205baf0330.php 第 164 行.
NOTIC: [8] Undefined variable: countryId G:\XAMPP\htdocs\TiandaoStudy\Application\Runtime\Cache\Home\d421352dfdc946c93d83cd205baf0330.php 第 164 行.
INFO: Run Behavior\ParseTemplateBehavior [ RunTime:0.030761s ]
INFO: [ view_parse ] --END-- [ RunTime:0.030803s ]
INFO: [ view_filter ] --START--
INFO: Run Behavior\WriteHtmlCacheBehavior [ RunTime:0.000428s ]
INFO: [ view_filter ] --END-- [ RunTime:0.000459s ]
INFO: [ app_end ] --START--
INFO: Run Behavior\ShowPageTraceBehavior [ RunTime:0.000572s ]
INFO: [ app_end ] --END-- [ RunTime:0.000609s ]

[ 2017-08-19T13:20:00+08:00 ] 127.0.0.1 /User/index.html
INFO: [ app_init ] --START--
INFO: Run Behavior\BuildLiteBehavior [ RunTime:0.000010s ]
INFO: [ app_init ] --END-- [ RunTime:0.000263s ]
INFO: [ app_begin ] --START--
INFO: Run Behavior\ReadHtmlCacheBehavior [ RunTime:0.000418s ]
INFO: [ app_begin ] --END-- [ RunTime:0.000457s ]
SQL: SHOW COLUMNS FROM `td_member` [ RunTime:0.0021s ]
SQL: SHOW COLUMNS FROM `td_user` [ RunTime:0.0021s ]
SQL: SELECT COUNT(*) AS tp_count FROM td_member a RIGHT JOIN onion.td_user b ON a.id = b.uid   WHERE a.source = 5 AND b.cert_state = 1 LIMIT 1   [ RunTime:0.0016s ]
NOTIC: [2] Missing argument 3 for Home\Model\MemberModel::getAllList(), called in G:\XAMPP\htdocs\TiandaoStudy\Application\Home\Common\function.php on line 111 and defined G:\XAMPP\htdocs\TiandaoStudy\Application\Home\Model\MemberModel.class.php 第 40 行.
NOTIC: [8] Undefined variable: field G:\XAMPP\htdocs\TiandaoStudy\Application\Home\Model\MemberModel.class.php 第 45 行.
SQL: SELECT * FROM td_member a RIGHT JOIN onion.td_user b ON a.id = b.uid   WHERE a.source = 5 AND b.cert_state = 1 ORDER BY uid DESC LIMIT 0,10   [ RunTime:0.0020s ]
SQL: SELECT COUNT(*) AS tp_count FROM td_member a RIGHT JOIN onion.td_user b ON a.id = b.uid   WHERE b.cert_state = 2 LIMIT 1   [ RunTime:0.0006s ]
NOTIC: [8] Undefined variable: page_show G:\XAMPP\htdocs\TiandaoStudy\Application\Home\Common\function.php 第 73 行.
NOTIC: [2] Missing argument 3 for Home\Model\MemberModel::getAllList(), called in G:\XAMPP\htdocs\TiandaoStudy\Application\Home\Common\function.php on line 111 and defined G:\XAMPP\htdocs\TiandaoStudy\Application\Home\Model\MemberModel.class.php 第 40 行.
NOTIC: [8] Undefined variable: field G:\XAMPP\htdocs\TiandaoStudy\Application\Home\Model\MemberModel.class.php 第 45 行.
SQL: SELECT * FROM td_member a RIGHT JOIN onion.td_user b ON a.id = b.uid   WHERE b.cert_state = 2 ORDER BY uid DESC LIMIT 0,10   [ RunTime:0.0014s ]
INFO: [ view_parse ] --START--
INFO: [ template_filter ] --START--
INFO: Run Behavior\ContentReplaceBehavior [ RunTime:0.000088s ]
INFO: [ template_filter ] --END-- [ RunTime:0.000132s ]
INFO: Run Behavior\ParseTemplateBehavior [ RunTime:0.064254s ]
INFO: [ view_parse ] --END-- [ RunTime:0.064297s ]
INFO: [ view_filter ] --START--
INFO: Run Behavior\WriteHtmlCacheBehavior [ RunTime:0.000276s ]
INFO: [ view_filter ] --END-- [ RunTime:0.000303s ]
INFO: [ app_end ] --START--
INFO: Run Behavior\ShowPageTraceBehavior [ RunTime:0.000583s ]
INFO: [ app_end ] --END-- [ RunTime:0.000624s ]

[ 2017-08-19T13:20:03+08:00 ] 127.0.0.1 /Address/index.html
INFO: [ app_init ] --START--
INFO: Run Behavior\BuildLiteBehavior [ RunTime:0.000009s ]
INFO: [ app_init ] --END-- [ RunTime:0.000262s ]
INFO: [ app_begin ] --START--
INFO: Run Behavior\ReadHtmlCacheBehavior [ RunTime:0.000426s ]
INFO: [ app_begin ] --END-- [ RunTime:0.000462s ]
SQL: SHOW COLUMNS FROM `td_address` [ RunTime:0.0019s ]
NOTIC: [8] Undefined variable: where G:\XAMPP\htdocs\TiandaoStudy\Application\Home\Controller\AddressController.class.php 第 41 行.
SQL: SELECT COUNT(*) AS tp_count FROM `td_address` LIMIT 1   [ RunTime:0.0012s ]
NOTIC: [2] Missing argument 4 for Think\Page::__construct(), called in G:\XAMPP\htdocs\TiandaoStudy\Application\Home\Controller\AddressController.class.php on line 44 and defined G:\XAMPP\htdocs\TiandaoStudy\ThinkPHP\Library\Think\Page.class.php 第 42 行.
NOTIC: [8] Undefined variable: where G:\XAMPP\htdocs\TiandaoStudy\Application\Home\Controller\AddressController.class.php 第 52 行.
SQL: SELECT * FROM `td_address` ORDER BY add_time desc LIMIT 0,10   [ RunTime:0.0019s ]
INFO: [ view_parse ] --START--
INFO: [ template_filter ] --START--
INFO: Run Behavior\ContentReplaceBehavior [ RunTime:0.000048s ]
INFO: [ template_filter ] --END-- [ RunTime:0.000091s ]
INFO: Run Behavior\ParseTemplateBehavior [ RunTime:0.022591s ]
INFO: [ view_parse ] --END-- [ RunTime:0.022668s ]
INFO: [ view_filter ] --START--
INFO: Run Behavior\WriteHtmlCacheBehavior [ RunTime:0.000346s ]
INFO: [ view_filter ] --END-- [ RunTime:0.000377s ]
INFO: [ app_end ] --START--
INFO: Run Behavior\ShowPageTraceBehavior [ RunTime:0.000472s ]
INFO: [ app_end ] --END-- [ RunTime:0.000503s ]

[ 2017-08-19T13:20:07+08:00 ] 127.0.0.1 /Offer/index.html
INFO: [ app_init ] --START--
INFO: Run Behavior\BuildLiteBehavior [ RunTime:0.000012s ]
INFO: [ app_init ] --END-- [ RunTime:0.000278s ]
INFO: [ app_begin ] --START--
INFO: Run Behavior\ReadHtmlCacheBehavior [ RunTime:0.000436s ]
INFO: [ app_begin ] --END-- [ RunTime:0.000475s ]
SQL: SHOW COLUMNS FROM `td_caption` [ RunTime:0.0018s ]
SQL: SHOW COLUMNS FROM `td_article` [ RunTime:0.0018s ]
SQL: SELECT COUNT(*) AS tp_count FROM `td_article`  INNER JOIN td_article_category on td_article.category_id=td_article_category.category_id and td_article.system_id = td_article_category.system_id  WHERE (  td_article_category.is_delete = 0  and td_article.is_delete = 0 and td_article.status = 4 ) LIMIT 1   [ RunTime:0.0114s ]
NOTIC: [2] Missing argument 4 for Think\Page::__construct(), called in G:\XAMPP\htdocs\TiandaoStudy\Application\Home\Controller\OfferController.class.php on line 264 and defined G:\XAMPP\htdocs\TiandaoStudy\ThinkPHP\Library\Think\Page.class.php 第 42 行.
SQL: SELECT td_article.*,td_article_category.category_name,td_article_category.directory FROM `td_article`  INNER JOIN td_article_category on td_article.category_id=td_article_category.category_id and td_article.system_id = td_article_category.system_id  WHERE (  td_article_category.is_delete = 0  and td_article.is_delete = 0 and td_article.status = 4 ) ORDER BY td_article.id desc LIMIT 0,10   [ RunTime:0.0086s ]
SQL: SHOW COLUMNS FROM `td_article_author` [ RunTime:0.0014s ]
SQL: SELECT * FROM `td_article_author` WHERE (  1  )  [ RunTime:0.0024s ]
INFO: [ view_parse ] --START--
INFO: [ template_filter ] --START--
INFO: Run Behavior\ContentReplaceBehavior [ RunTime:0.000096s ]
INFO: [ template_filter ] --END-- [ RunTime:0.000160s ]
NOTIC: [8] Use of undefined constant more - assumed 'more' G:\XAMPP\htdocs\TiandaoStudy\Application\Runtime\Cache\Home\47078e95d52aa861241e57448682434c.php 第 106 行.
INFO: Run Behavior\ParseTemplateBehavior [ RunTime:0.023631s ]
INFO: [ view_parse ] --END-- [ RunTime:0.023692s ]
INFO: [ view_filter ] --START--
INFO: Run Behavior\WriteHtmlCacheBehavior [ RunTime:0.000385s ]
INFO: [ view_filter ] --END-- [ RunTime:0.000416s ]
INFO: [ app_end ] --START--
INFO: Run Behavior\ShowPageTraceBehavior [ RunTime:0.000955s ]
INFO: [ app_end ] --END-- [ RunTime:0.001616s ]

[ 2017-08-19T13:20:15+08:00 ] 127.0.0.1 /Offer/index/p/6.html
INFO: [ app_init ] --START--
INFO: Run Behavior\BuildLiteBehavior [ RunTime:0.000013s ]
INFO: [ app_init ] --END-- [ RunTime:0.000379s ]
INFO: [ app_begin ] --START--
INFO: Run Behavior\ReadHtmlCacheBehavior [ RunTime:0.000462s ]
INFO: [ app_begin ] --END-- [ RunTime:0.000505s ]
SQL: SHOW COLUMNS FROM `td_caption` [ RunTime:0.0015s ]
SQL: SHOW COLUMNS FROM `td_article` [ RunTime:0.0017s ]
SQL: SELECT COUNT(*) AS tp_count FROM `td_article`  INNER JOIN td_article_category on td_article.category_id=td_article_category.category_id and td_article.system_id = td_article_category.system_id  WHERE (  td_article_category.is_delete = 0  and td_article.is_delete = 0 and td_article.status = 4 ) LIMIT 1   [ RunTime:0.0062s ]
NOTIC: [2] Missing argument 4 for Think\Page::__construct(), called in G:\XAMPP\htdocs\TiandaoStudy\Application\Home\Controller\OfferController.class.php on line 264 and defined G:\XAMPP\htdocs\TiandaoStudy\ThinkPHP\Library\Think\Page.class.php 第 42 行.
SQL: SELECT td_article.*,td_article_category.category_name,td_article_category.directory FROM `td_article`  INNER JOIN td_article_category on td_article.category_id=td_article_category.category_id and td_article.system_id = td_article_category.system_id  WHERE (  td_article_category.is_delete = 0  and td_article.is_delete = 0 and td_article.status = 4 ) ORDER BY td_article.id desc LIMIT 50,10   [ RunTime:0.0099s ]
SQL: SHOW COLUMNS FROM `td_article_author` [ RunTime:0.0013s ]
SQL: SELECT * FROM `td_article_author` WHERE (  1  )  [ RunTime:0.0022s ]
INFO: [ view_parse ] --START--
INFO: [ template_filter ] --START--
INFO: Run Behavior\ContentReplaceBehavior [ RunTime:0.000084s ]
INFO: [ template_filter ] --END-- [ RunTime:0.000129s ]
NOTIC: [8] Use of undefined constant more - assumed 'more' G:\XAMPP\htdocs\TiandaoStudy\Application\Runtime\Cache\Home\47078e95d52aa861241e57448682434c.php 第 106 行.
INFO: Run Behavior\ParseTemplateBehavior [ RunTime:0.019976s ]
INFO: [ view_parse ] --END-- [ RunTime:0.020025s ]
INFO: [ view_filter ] --START--
INFO: Run Behavior\WriteHtmlCacheBehavior [ RunTime:0.000411s ]
INFO: [ view_filter ] --END-- [ RunTime:0.000443s ]
INFO: [ app_end ] --START--
INFO: Run Behavior\ShowPageTraceBehavior [ RunTime:0.000577s ]
INFO: [ app_end ] --END-- [ RunTime:0.000630s ]

[ 2017-08-19T13:20:29+08:00 ] 127.0.0.1 /Offer/status_change.html
INFO: [ app_init ] --START--
INFO: Run Behavior\BuildLiteBehavior [ RunTime:0.000011s ]
INFO: [ app_init ] --END-- [ RunTime:0.000339s ]
INFO: [ app_begin ] --START--
INFO: Run Behavior\ReadHtmlCacheBehavior [ RunTime:0.000562s ]
INFO: [ app_begin ] --END-- [ RunTime:0.000614s ]
SQL: SHOW COLUMNS FROM `td_article` [ RunTime:0.0025s ]
SQL: UPDATE `td_article` SET `status`='5' WHERE `id` = 530341 [ RunTime:0.0120s ]

[ 2017-08-19T13:20:31+08:00 ] 127.0.0.1 /Offer/index/p/6.html
INFO: [ app_init ] --START--
INFO: Run Behavior\BuildLiteBehavior [ RunTime:0.000011s ]
INFO: [ app_init ] --END-- [ RunTime:0.000269s ]
INFO: [ app_begin ] --START--
INFO: Run Behavior\ReadHtmlCacheBehavior [ RunTime:0.000437s ]
INFO: [ app_begin ] --END-- [ RunTime:0.000479s ]
SQL: SHOW COLUMNS FROM `td_caption` [ RunTime:0.0016s ]
SQL: SHOW COLUMNS FROM `td_article` [ RunTime:0.0018s ]
SQL: SELECT COUNT(*) AS tp_count FROM `td_article`  INNER JOIN td_article_category on td_article.category_id=td_article_category.category_id and td_article.system_id = td_article_category.system_id  WHERE (  td_article_category.is_delete = 0  and td_article.is_delete = 0 and td_article.status = 4 ) LIMIT 1   [ RunTime:0.0066s ]
NOTIC: [2] Missing argument 4 for Think\Page::__construct(), called in G:\XAMPP\htdocs\TiandaoStudy\Application\Home\Controller\OfferController.class.php on line 264 and defined G:\XAMPP\htdocs\TiandaoStudy\ThinkPHP\Library\Think\Page.class.php 第 42 行.
SQL: SELECT td_article.*,td_article_category.category_name,td_article_category.directory FROM `td_article`  INNER JOIN td_article_category on td_article.category_id=td_article_category.category_id and td_article.system_id = td_article_category.system_id  WHERE (  td_article_category.is_delete = 0  and td_article.is_delete = 0 and td_article.status = 4 ) ORDER BY td_article.id desc LIMIT 50,10   [ RunTime:0.0067s ]
SQL: SHOW COLUMNS FROM `td_article_author` [ RunTime:0.0012s ]
SQL: SELECT * FROM `td_article_author` WHERE (  1  )  [ RunTime:0.0026s ]
INFO: [ view_parse ] --START--
INFO: [ template_filter ] --START--
INFO: Run Behavior\ContentReplaceBehavior [ RunTime:0.000084s ]
INFO: [ template_filter ] --END-- [ RunTime:0.000129s ]
NOTIC: [8] Use of undefined constant more - assumed 'more' G:\XAMPP\htdocs\TiandaoStudy\Application\Runtime\Cache\Home\47078e95d52aa861241e57448682434c.php 第 106 行.
INFO: Run Behavior\ParseTemplateBehavior [ RunTime:0.019790s ]
INFO: [ view_parse ] --END-- [ RunTime:0.019838s ]
INFO: [ view_filter ] --START--
INFO: Run Behavior\WriteHtmlCacheBehavior [ RunTime:0.000371s ]
INFO: [ view_filter ] --END-- [ RunTime:0.000402s ]
INFO: [ app_end ] --START--
INFO: Run Behavior\ShowPageTraceBehavior [ RunTime:0.000672s ]
INFO: [ app_end ] --END-- [ RunTime:0.000741s ]

