[ 2017-08-10T15:23:10+08:00 ] 127.0.0.1 /
INFO: [ app_init ] --START--
INFO: Run Behavior\BuildLiteBehavior [ RunTime:0.000014s ]
INFO: [ app_init ] --END-- [ RunTime:0.041666s ]
INFO: [ app_begin ] --START--
INFO: Run Behavior\ReadHtmlCacheBehavior [ RunTime:0.030516s ]
INFO: [ app_begin ] --END-- [ RunTime:0.030590s ]

[ 2017-08-10T15:23:10+08:00 ] 127.0.0.1 /Admin/login.html
INFO: [ app_init ] --START--
INFO: Run Behavior\BuildLiteBehavior [ RunTime:0.000010s ]
INFO: [ app_init ] --END-- [ RunTime:0.000276s ]
INFO: [ app_begin ] --START--
INFO: Run Behavior\ReadHtmlCacheBehavior [ RunTime:0.000432s ]
INFO: [ app_begin ] --END-- [ RunTime:0.000474s ]
INFO: [ view_parse ] --START--
INFO: [ template_filter ] --START--
INFO: Run Behavior\ContentReplaceBehavior [ RunTime:0.002201s ]
INFO: [ template_filter ] --END-- [ RunTime:0.002297s ]
INFO: Run Behavior\ParseTemplateBehavior [ RunTime:0.220443s ]
INFO: [ view_parse ] --END-- [ RunTime:0.220503s ]
INFO: [ view_filter ] --START--
INFO: Run Behavior\WriteHtmlCacheBehavior [ RunTime:0.010958s ]
INFO: [ view_filter ] --END-- [ RunTime:0.011015s ]
INFO: [ app_end ] --START--
INFO: Run Behavior\ShowPageTraceBehavior [ RunTime:0.013515s ]
INFO: [ app_end ] --END-- [ RunTime:0.013575s ]

[ 2017-08-10T15:23:11+08:00 ] 127.0.0.1 /favicon.ico
INFO: [ app_init ] --START--
INFO: Run Behavior\BuildLiteBehavior [ RunTime:0.000019s ]
INFO: [ app_init ] --END-- [ RunTime:0.000535s ]

[ 2017-08-10T15:23:18+08:00 ] 127.0.0.1 /Admin/login.html
INFO: [ app_init ] --START--
INFO: Run Behavior\BuildLiteBehavior [ RunTime:0.000013s ]
INFO: [ app_init ] --END-- [ RunTime:0.000356s ]
INFO: [ app_begin ] --START--
INFO: Run Behavior\ReadHtmlCacheBehavior [ RunTime:0.000525s ]
INFO: [ app_begin ] --END-- [ RunTime:0.000577s ]

[ 2017-08-10T15:23:20+08:00 ] 127.0.0.1 /
INFO: [ app_init ] --START--
INFO: Run Behavior\BuildLiteBehavior [ RunTime:0.000013s ]
INFO: [ app_init ] --END-- [ RunTime:0.000282s ]
INFO: [ app_begin ] --START--
INFO: Run Behavior\ReadHtmlCacheBehavior [ RunTime:0.000396s ]
INFO: [ app_begin ] --END-- [ RunTime:0.000436s ]
INFO: [ view_parse ] --START--
INFO: [ template_filter ] --START--
INFO: Run Behavior\ContentReplaceBehavior [ RunTime:0.000071s ]
INFO: [ template_filter ] --END-- [ RunTime:0.000151s ]
INFO: Run Behavior\ParseTemplateBehavior [ RunTime:0.043021s ]
INFO: [ view_parse ] --END-- [ RunTime:0.043075s ]
INFO: [ view_filter ] --START--
INFO: Run Behavior\WriteHtmlCacheBehavior [ RunTime:0.000231s ]
INFO: [ view_filter ] --END-- [ RunTime:0.000257s ]
INFO: [ app_end ] --START--
INFO: Run Behavior\ShowPageTraceBehavior [ RunTime:0.000372s ]
INFO: [ app_end ] --END-- [ RunTime:0.000401s ]

[ 2017-08-10T15:23:21+08:00 ] 127.0.0.1 /Index/main.html
INFO: [ app_init ] --START--
INFO: Run Behavior\BuildLiteBehavior [ RunTime:0.000012s ]
INFO: [ app_init ] --END-- [ RunTime:0.000255s ]
INFO: [ app_begin ] --START--
INFO: Run Behavior\ReadHtmlCacheBehavior [ RunTime:0.001128s ]
INFO: [ app_begin ] --END-- [ RunTime:0.001184s ]
SQL: SHOW COLUMNS FROM `td_member` [ RunTime:0.0019s ]
SQL: SELECT COUNT(*) AS tp_count FROM td_member a RIGHT JOIN onion.td_user b ON a.id = b.uid   WHERE a.source = 5 LIMIT 1   [ RunTime:0.0012s ]
SQL: SELECT COUNT(*) AS tp_count FROM td_member a RIGHT JOIN onion.td_user b ON a.id = b.uid   WHERE a.source = 5 AND a.reg_time >= 1502294400 LIMIT 1   [ RunTime:0.0010s ]
NOTIC: [2] Missing argument 1 for Home\Model\ArticleModel::getCount(), called in G:\XAMPP\htdocs\TiandaoStudy\Application\Home\Controller\IndexController.class.php on line 37 and defined G:\XAMPP\htdocs\TiandaoStudy\Application\Home\Model\ArticleModel.class.php 第 187 行.
NOTIC: [8] Undefined variable: data G:\XAMPP\htdocs\TiandaoStudy\Application\Home\Model\ArticleModel.class.php 第 192 行.
NOTIC: [2] array_key_exists() expects parameter 2 to be array, null given G:\XAMPP\htdocs\TiandaoStudy\Application\Home\Model\ArticleModel.class.php 第 192 行.
NOTIC: [8] Undefined variable: data G:\XAMPP\htdocs\TiandaoStudy\Application\Home\Model\ArticleModel.class.php 第 204 行.
NOTIC: [2] array_key_exists() expects parameter 2 to be array, null given G:\XAMPP\htdocs\TiandaoStudy\Application\Home\Model\ArticleModel.class.php 第 204 行.
NOTIC: [8] Undefined variable: data G:\XAMPP\htdocs\TiandaoStudy\Application\Home\Model\ArticleModel.class.php 第 210 行.
NOTIC: [2] array_key_exists() expects parameter 2 to be array, null given G:\XAMPP\htdocs\TiandaoStudy\Application\Home\Model\ArticleModel.class.php 第 210 行.
NOTIC: [8] Undefined variable: data G:\XAMPP\htdocs\TiandaoStudy\Application\Home\Model\ArticleModel.class.php 第 215 行.
NOTIC: [2] array_key_exists() expects parameter 2 to be array, null given G:\XAMPP\htdocs\TiandaoStudy\Application\Home\Model\ArticleModel.class.php 第 215 行.
NOTIC: [8] Undefined variable: data G:\XAMPP\htdocs\TiandaoStudy\Application\Home\Model\ArticleModel.class.php 第 220 行.
NOTIC: [2] array_key_exists() expects parameter 2 to be array, null given G:\XAMPP\htdocs\TiandaoStudy\Application\Home\Model\ArticleModel.class.php 第 220 行.
NOTIC: [8] Undefined variable: data G:\XAMPP\htdocs\TiandaoStudy\Application\Home\Model\ArticleModel.class.php 第 225 行.
NOTIC: [2] array_key_exists() expects parameter 2 to be array, null given G:\XAMPP\htdocs\TiandaoStudy\Application\Home\Model\ArticleModel.class.php 第 225 行.
NOTIC: [8] Undefined variable: data G:\XAMPP\htdocs\TiandaoStudy\Application\Home\Model\ArticleModel.class.php 第 229 行.
NOTIC: [2] array_key_exists() expects parameter 2 to be array, null given G:\XAMPP\htdocs\TiandaoStudy\Application\Home\Model\ArticleModel.class.php 第 229 行.
SQL: SHOW COLUMNS FROM `td_article` [ RunTime:0.0018s ]
SQL: SELECT COUNT(*) AS tp_count FROM `td_article`  INNER JOIN td_article_category on td_article.category_id=td_article_category.category_id and td_article.system_id = td_article_category.system_id  WHERE (  td_article_category.is_delete = 0  and td_article.is_delete = 0 ) LIMIT 1   [ RunTime:0.0053s ]
SQL: SHOW COLUMNS FROM `td_special` [ RunTime:0.0017s ]
NOTIC: [2] Missing argument 1 for Home\Model\SpecialModel::getCount(), called in G:\XAMPP\htdocs\TiandaoStudy\Application\Home\Controller\IndexController.class.php on line 39 and defined G:\XAMPP\htdocs\TiandaoStudy\Application\Home\Model\SpecialModel.class.php 第 66 行.
NOTIC: [8] Undefined variable: where G:\XAMPP\htdocs\TiandaoStudy\Application\Home\Model\SpecialModel.class.php 第 67 行.
SQL: SELECT COUNT(*) AS tp_count FROM `td_special` LIMIT 1   [ RunTime:0.0010s ]
INFO: [ view_parse ] --START--
INFO: [ template_filter ] --START--
INFO: Run Behavior\ContentReplaceBehavior [ RunTime:0.000116s ]
INFO: [ template_filter ] --END-- [ RunTime:0.000204s ]
NOTIC: [8] Undefined index: PROCESSOR_IDENTIFIER G:\XAMPP\htdocs\TiandaoStudy\Application\Runtime\Cache\Home\4462707c48390994935bf3e366c221aa.php 第 135 行.
INFO: Run Behavior\ParseTemplateBehavior [ RunTime:0.148073s ]
INFO: [ view_parse ] --END-- [ RunTime:0.148154s ]
INFO: [ view_filter ] --START--
INFO: Run Behavior\WriteHtmlCacheBehavior [ RunTime:0.000391s ]
INFO: [ view_filter ] --END-- [ RunTime:0.000447s ]
INFO: [ app_end ] --START--
INFO: Run Behavior\ShowPageTraceBehavior [ RunTime:0.001267s ]
INFO: [ app_end ] --END-- [ RunTime:0.001340s ]

[ 2017-08-10T15:23:25+08:00 ] 127.0.0.1 /Adlocation/index.html
INFO: [ app_init ] --START--
INFO: Run Behavior\BuildLiteBehavior [ RunTime:0.000009s ]
INFO: [ app_init ] --END-- [ RunTime:0.000260s ]
INFO: [ app_begin ] --START--
INFO: Run Behavior\ReadHtmlCacheBehavior [ RunTime:0.000476s ]
INFO: [ app_begin ] --END-- [ RunTime:0.000520s ]
SQL: SHOW COLUMNS FROM `td_adlocation` [ RunTime:0.0016s ]
SQL: SELECT COUNT(*) AS tp_count FROM `td_adlocation` WHERE `status` = 1 LIMIT 1   [ RunTime:0.0012s ]
NOTIC: [2] Missing argument 5 for get_page(), called in G:\XAMPP\htdocs\TiandaoStudy\Application\Home\Controller\AdlocationController.class.php on line 43 and defined G:\XAMPP\htdocs\TiandaoStudy\Application\Home\Common\function.php 第 103 行.
NOTIC: [2] Missing argument 6 for get_page(), called in G:\XAMPP\htdocs\TiandaoStudy\Application\Home\Controller\AdlocationController.class.php on line 43 and defined G:\XAMPP\htdocs\TiandaoStudy\Application\Home\Common\function.php 第 103 行.
NOTIC: [8] Undefined variable: parameter G:\XAMPP\htdocs\TiandaoStudy\Application\Home\Common\function.php 第 105 行.
NOTIC: [8] Undefined variable: p G:\XAMPP\htdocs\TiandaoStudy\Application\Home\Common\function.php 第 105 行.
SQL: SELECT * FROM `td_adlocation` WHERE `status` = 1 ORDER BY id desc LIMIT 0,10   [ RunTime:0.0011s ]
SQL: SHOW COLUMNS FROM `td_adposition` [ RunTime:0.0013s ]
SQL: SELECT * FROM `td_adposition`  [ RunTime:0.0013s ]
INFO: [ view_parse ] --START--
INFO: [ template_filter ] --START--
INFO: Run Behavior\ContentReplaceBehavior [ RunTime:0.000124s ]
INFO: [ template_filter ] --END-- [ RunTime:0.000213s ]
INFO: Run Behavior\ParseTemplateBehavior [ RunTime:0.118370s ]
INFO: [ view_parse ] --END-- [ RunTime:0.118438s ]
INFO: [ view_filter ] --START--
INFO: Run Behavior\WriteHtmlCacheBehavior [ RunTime:0.000480s ]
INFO: [ view_filter ] --END-- [ RunTime:0.000520s ]
INFO: [ app_end ] --START--
INFO: Run Behavior\ShowPageTraceBehavior [ RunTime:0.001429s ]
INFO: [ app_end ] --END-- [ RunTime:0.001492s ]

[ 2017-08-10T15:23:27+08:00 ] 127.0.0.1 /Adlocation/advert.html?id=16
INFO: [ app_init ] --START--
INFO: Run Behavior\BuildLiteBehavior [ RunTime:0.000013s ]
INFO: [ app_init ] --END-- [ RunTime:0.000310s ]
INFO: [ app_begin ] --START--
INFO: Run Behavior\ReadHtmlCacheBehavior [ RunTime:0.000451s ]
INFO: [ app_begin ] --END-- [ RunTime:0.000491s ]
SQL: SHOW COLUMNS FROM `td_adlocation` [ RunTime:0.0017s ]
SQL: SHOW COLUMNS FROM `td_ad_mapping` [ RunTime:0.0013s ]
SQL: SELECT a.start_time,`end_time`,`click_num`,`status`,`sort`,`special`,`specialid`,`advertid`,b.advert_title,`advert_img`,`advert_url` FROM td_ad_mapping a RIGHT JOIN td_advert b ON a.advertid = b.id   WHERE a.locationid = '16' AND a.status = 1 ORDER BY sort DESC  [ RunTime:0.0012s ]
INFO: [ view_parse ] --START--
INFO: [ template_filter ] --START--
INFO: Run Behavior\ContentReplaceBehavior [ RunTime:0.000072s ]
INFO: [ template_filter ] --END-- [ RunTime:0.000113s ]
NOTIC: [8] Undefined variable: vol G:\XAMPP\htdocs\TiandaoStudy\Application\Runtime\Cache\Home\faf93e727b02476e1d71cfe8f9e173b8.php 第 128 行.
NOTIC: [8] Undefined variable: vol G:\XAMPP\htdocs\TiandaoStudy\Application\Runtime\Cache\Home\faf93e727b02476e1d71cfe8f9e173b8.php 第 139 行.
NOTIC: [8] Undefined variable: vol G:\XAMPP\htdocs\TiandaoStudy\Application\Runtime\Cache\Home\faf93e727b02476e1d71cfe8f9e173b8.php 第 143 行.
NOTIC: [8] Undefined variable: vol G:\XAMPP\htdocs\TiandaoStudy\Application\Runtime\Cache\Home\faf93e727b02476e1d71cfe8f9e173b8.php 第 149 行.
NOTIC: [8] Undefined variable: vol G:\XAMPP\htdocs\TiandaoStudy\Application\Runtime\Cache\Home\faf93e727b02476e1d71cfe8f9e173b8.php 第 149 行.
NOTIC: [8] Undefined variable: vol G:\XAMPP\htdocs\TiandaoStudy\Application\Runtime\Cache\Home\faf93e727b02476e1d71cfe8f9e173b8.php 第 150 行.
NOTIC: [8] Undefined variable: vol G:\XAMPP\htdocs\TiandaoStudy\Application\Runtime\Cache\Home\faf93e727b02476e1d71cfe8f9e173b8.php 第 151 行.
NOTIC: [8] Undefined variable: vol G:\XAMPP\htdocs\TiandaoStudy\Application\Runtime\Cache\Home\faf93e727b02476e1d71cfe8f9e173b8.php 第 154 行.
NOTIC: [8] Undefined variable: vol G:\XAMPP\htdocs\TiandaoStudy\Application\Runtime\Cache\Home\faf93e727b02476e1d71cfe8f9e173b8.php 第 154 行.
NOTIC: [8] Undefined variable: vol G:\XAMPP\htdocs\TiandaoStudy\Application\Runtime\Cache\Home\faf93e727b02476e1d71cfe8f9e173b8.php 第 157 行.
NOTIC: [8] Undefined variable: vol G:\XAMPP\htdocs\TiandaoStudy\Application\Runtime\Cache\Home\faf93e727b02476e1d71cfe8f9e173b8.php 第 160 行.
NOTIC: [8] Undefined variable: vol G:\XAMPP\htdocs\TiandaoStudy\Application\Runtime\Cache\Home\faf93e727b02476e1d71cfe8f9e173b8.php 第 163 行.
NOTIC: [8] Undefined variable: vol G:\XAMPP\htdocs\TiandaoStudy\Application\Runtime\Cache\Home\faf93e727b02476e1d71cfe8f9e173b8.php 第 166 行.
NOTIC: [8] Undefined variable: vol G:\XAMPP\htdocs\TiandaoStudy\Application\Runtime\Cache\Home\faf93e727b02476e1d71cfe8f9e173b8.php 第 169 行.
NOTIC: [8] Undefined variable: vol G:\XAMPP\htdocs\TiandaoStudy\Application\Runtime\Cache\Home\faf93e727b02476e1d71cfe8f9e173b8.php 第 172 行.
NOTIC: [8] Undefined variable: vol G:\XAMPP\htdocs\TiandaoStudy\Application\Runtime\Cache\Home\faf93e727b02476e1d71cfe8f9e173b8.php 第 173 行.
NOTIC: [8] Use of undefined constant advert_img - assumed 'advert_img' G:\XAMPP\htdocs\TiandaoStudy\Application\Runtime\Cache\Home\faf93e727b02476e1d71cfe8f9e173b8.php 第 179 行.
NOTIC: [8] Undefined variable: vol G:\XAMPP\htdocs\TiandaoStudy\Application\Runtime\Cache\Home\faf93e727b02476e1d71cfe8f9e173b8.php 第 179 行.
NOTIC: [8] Undefined variable: vol G:\XAMPP\htdocs\TiandaoStudy\Application\Runtime\Cache\Home\faf93e727b02476e1d71cfe8f9e173b8.php 第 179 行.
NOTIC: [8] Undefined variable: vol G:\XAMPP\htdocs\TiandaoStudy\Application\Runtime\Cache\Home\faf93e727b02476e1d71cfe8f9e173b8.php 第 193 行.
NOTIC: [8] Undefined variable: vol G:\XAMPP\htdocs\TiandaoStudy\Application\Runtime\Cache\Home\faf93e727b02476e1d71cfe8f9e173b8.php 第 193 行.
NOTIC: [8] Undefined variable: vol G:\XAMPP\htdocs\TiandaoStudy\Application\Runtime\Cache\Home\faf93e727b02476e1d71cfe8f9e173b8.php 第 194 行.
NOTIC: [8] Undefined variable: vol G:\XAMPP\htdocs\TiandaoStudy\Application\Runtime\Cache\Home\faf93e727b02476e1d71cfe8f9e173b8.php 第 200 行.
NOTIC: [8] Undefined variable: vol G:\XAMPP\htdocs\TiandaoStudy\Application\Runtime\Cache\Home\faf93e727b02476e1d71cfe8f9e173b8.php 第 206 行.
NOTIC: [8] Undefined variable: vol G:\XAMPP\htdocs\TiandaoStudy\Application\Runtime\Cache\Home\faf93e727b02476e1d71cfe8f9e173b8.php 第 206 行.
NOTIC: [8] Undefined variable: vol G:\XAMPP\htdocs\TiandaoStudy\Application\Runtime\Cache\Home\faf93e727b02476e1d71cfe8f9e173b8.php 第 210 行.
NOTIC: [8] Undefined variable: vol G:\XAMPP\htdocs\TiandaoStudy\Application\Runtime\Cache\Home\faf93e727b02476e1d71cfe8f9e173b8.php 第 210 行.
INFO: Run Behavior\ParseTemplateBehavior [ RunTime:0.180078s ]
INFO: [ view_parse ] --END-- [ RunTime:0.180145s ]
INFO: [ view_filter ] --START--
INFO: Run Behavior\WriteHtmlCacheBehavior [ RunTime:0.000601s ]
INFO: [ view_filter ] --END-- [ RunTime:0.000666s ]
INFO: [ app_end ] --START--
INFO: Run Behavior\ShowPageTraceBehavior [ RunTime:0.001548s ]
INFO: [ app_end ] --END-- [ RunTime:0.001731s ]

[ 2017-08-10T15:23:27+08:00 ] 127.0.0.1 /static/css/images/ui-bg_flat_75_ffffff_40x100.png
INFO: [ app_init ] --START--
INFO: Run Behavior\BuildLiteBehavior [ RunTime:0.000013s ]
INFO: [ app_init ] --END-- [ RunTime:0.000320s ]

[ 2017-08-10T15:23:43+08:00 ] 127.0.0.1 /Adlocation/index.html
INFO: [ app_init ] --START--
INFO: Run Behavior\BuildLiteBehavior [ RunTime:0.000015s ]
INFO: [ app_init ] --END-- [ RunTime:0.001485s ]
INFO: [ app_begin ] --START--
INFO: Run Behavior\ReadHtmlCacheBehavior [ RunTime:0.000440s ]
INFO: [ app_begin ] --END-- [ RunTime:0.000484s ]
SQL: SHOW COLUMNS FROM `td_adlocation` [ RunTime:0.0016s ]
SQL: SELECT COUNT(*) AS tp_count FROM `td_adlocation` WHERE `status` = 1 LIMIT 1   [ RunTime:0.0012s ]
NOTIC: [2] Missing argument 5 for get_page(), called in G:\XAMPP\htdocs\TiandaoStudy\Application\Home\Controller\AdlocationController.class.php on line 43 and defined G:\XAMPP\htdocs\TiandaoStudy\Application\Home\Common\function.php 第 103 行.
NOTIC: [2] Missing argument 6 for get_page(), called in G:\XAMPP\htdocs\TiandaoStudy\Application\Home\Controller\AdlocationController.class.php on line 43 and defined G:\XAMPP\htdocs\TiandaoStudy\Application\Home\Common\function.php 第 103 行.
NOTIC: [8] Undefined variable: parameter G:\XAMPP\htdocs\TiandaoStudy\Application\Home\Common\function.php 第 105 行.
NOTIC: [8] Undefined variable: p G:\XAMPP\htdocs\TiandaoStudy\Application\Home\Common\function.php 第 105 行.
SQL: SELECT * FROM `td_adlocation` WHERE `status` = 1 ORDER BY id desc LIMIT 0,10   [ RunTime:0.0010s ]
SQL: SHOW COLUMNS FROM `td_adposition` [ RunTime:0.0014s ]
SQL: SELECT * FROM `td_adposition`  [ RunTime:0.0007s ]
INFO: [ view_parse ] --START--
INFO: [ template_filter ] --START--
INFO: Run Behavior\ContentReplaceBehavior [ RunTime:0.000066s ]
INFO: [ template_filter ] --END-- [ RunTime:0.000127s ]
INFO: Run Behavior\ParseTemplateBehavior [ RunTime:0.019785s ]
INFO: [ view_parse ] --END-- [ RunTime:0.019830s ]
INFO: [ view_filter ] --START--
INFO: Run Behavior\WriteHtmlCacheBehavior [ RunTime:0.000319s ]
INFO: [ view_filter ] --END-- [ RunTime:0.000350s ]
INFO: [ app_end ] --START--
INFO: Run Behavior\ShowPageTraceBehavior [ RunTime:0.000691s ]
INFO: [ app_end ] --END-- [ RunTime:0.000768s ]

[ 2017-08-10T15:24:42+08:00 ] 127.0.0.1 /Adlocation/advert.html?id=16
INFO: [ app_init ] --START--
INFO: Run Behavior\BuildLiteBehavior [ RunTime:0.000015s ]
INFO: [ app_init ] --END-- [ RunTime:0.000365s ]
INFO: [ app_begin ] --START--
INFO: Run Behavior\ReadHtmlCacheBehavior [ RunTime:0.000453s ]
INFO: [ app_begin ] --END-- [ RunTime:0.000504s ]
SQL: SHOW COLUMNS FROM `td_adlocation` [ RunTime:0.0016s ]
SQL: SHOW COLUMNS FROM `td_ad_mapping` [ RunTime:0.0013s ]
SQL: SELECT a.start_time,`end_time`,`click_num`,`status`,`sort`,`special`,`specialid`,`advertid`,b.advert_title,`advert_img`,`advert_url` FROM td_ad_mapping a RIGHT JOIN td_advert b ON a.advertid = b.id   WHERE a.locationid = '16' AND a.status = 1 ORDER BY sort DESC  [ RunTime:0.0012s ]
INFO: [ view_parse ] --START--
INFO: [ template_filter ] --START--
INFO: Run Behavior\ContentReplaceBehavior [ RunTime:0.000071s ]
INFO: [ template_filter ] --END-- [ RunTime:0.000112s ]
NOTIC: [8] Undefined variable: vol G:\XAMPP\htdocs\TiandaoStudy\Application\Runtime\Cache\Home\faf93e727b02476e1d71cfe8f9e173b8.php 第 128 行.
NOTIC: [8] Undefined variable: vol G:\XAMPP\htdocs\TiandaoStudy\Application\Runtime\Cache\Home\faf93e727b02476e1d71cfe8f9e173b8.php 第 139 行.
NOTIC: [8] Undefined variable: vol G:\XAMPP\htdocs\TiandaoStudy\Application\Runtime\Cache\Home\faf93e727b02476e1d71cfe8f9e173b8.php 第 143 行.
NOTIC: [8] Undefined variable: vol G:\XAMPP\htdocs\TiandaoStudy\Application\Runtime\Cache\Home\faf93e727b02476e1d71cfe8f9e173b8.php 第 149 行.
NOTIC: [8] Undefined variable: vol G:\XAMPP\htdocs\TiandaoStudy\Application\Runtime\Cache\Home\faf93e727b02476e1d71cfe8f9e173b8.php 第 149 行.
NOTIC: [8] Undefined variable: vol G:\XAMPP\htdocs\TiandaoStudy\Application\Runtime\Cache\Home\faf93e727b02476e1d71cfe8f9e173b8.php 第 150 行.
NOTIC: [8] Undefined variable: vol G:\XAMPP\htdocs\TiandaoStudy\Application\Runtime\Cache\Home\faf93e727b02476e1d71cfe8f9e173b8.php 第 151 行.
NOTIC: [8] Undefined variable: vol G:\XAMPP\htdocs\TiandaoStudy\Application\Runtime\Cache\Home\faf93e727b02476e1d71cfe8f9e173b8.php 第 154 行.
NOTIC: [8] Undefined variable: vol G:\XAMPP\htdocs\TiandaoStudy\Application\Runtime\Cache\Home\faf93e727b02476e1d71cfe8f9e173b8.php 第 154 行.
NOTIC: [8] Undefined variable: vol G:\XAMPP\htdocs\TiandaoStudy\Application\Runtime\Cache\Home\faf93e727b02476e1d71cfe8f9e173b8.php 第 157 行.
NOTIC: [8] Undefined variable: vol G:\XAMPP\htdocs\TiandaoStudy\Application\Runtime\Cache\Home\faf93e727b02476e1d71cfe8f9e173b8.php 第 160 行.
NOTIC: [8] Undefined variable: vol G:\XAMPP\htdocs\TiandaoStudy\Application\Runtime\Cache\Home\faf93e727b02476e1d71cfe8f9e173b8.php 第 163 行.
NOTIC: [8] Undefined variable: vol G:\XAMPP\htdocs\TiandaoStudy\Application\Runtime\Cache\Home\faf93e727b02476e1d71cfe8f9e173b8.php 第 166 行.
NOTIC: [8] Undefined variable: vol G:\XAMPP\htdocs\TiandaoStudy\Application\Runtime\Cache\Home\faf93e727b02476e1d71cfe8f9e173b8.php 第 169 行.
NOTIC: [8] Undefined variable: vol G:\XAMPP\htdocs\TiandaoStudy\Application\Runtime\Cache\Home\faf93e727b02476e1d71cfe8f9e173b8.php 第 172 行.
NOTIC: [8] Undefined variable: vol G:\XAMPP\htdocs\TiandaoStudy\Application\Runtime\Cache\Home\faf93e727b02476e1d71cfe8f9e173b8.php 第 173 行.
NOTIC: [8] Use of undefined constant advert_img - assumed 'advert_img' G:\XAMPP\htdocs\TiandaoStudy\Application\Runtime\Cache\Home\faf93e727b02476e1d71cfe8f9e173b8.php 第 179 行.
NOTIC: [8] Undefined variable: vol G:\XAMPP\htdocs\TiandaoStudy\Application\Runtime\Cache\Home\faf93e727b02476e1d71cfe8f9e173b8.php 第 179 行.
NOTIC: [8] Undefined variable: vol G:\XAMPP\htdocs\TiandaoStudy\Application\Runtime\Cache\Home\faf93e727b02476e1d71cfe8f9e173b8.php 第 179 行.
NOTIC: [8] Undefined variable: vol G:\XAMPP\htdocs\TiandaoStudy\Application\Runtime\Cache\Home\faf93e727b02476e1d71cfe8f9e173b8.php 第 193 行.
NOTIC: [8] Undefined variable: vol G:\XAMPP\htdocs\TiandaoStudy\Application\Runtime\Cache\Home\faf93e727b02476e1d71cfe8f9e173b8.php 第 193 行.
NOTIC: [8] Undefined variable: vol G:\XAMPP\htdocs\TiandaoStudy\Application\Runtime\Cache\Home\faf93e727b02476e1d71cfe8f9e173b8.php 第 194 行.
NOTIC: [8] Undefined variable: vol G:\XAMPP\htdocs\TiandaoStudy\Application\Runtime\Cache\Home\faf93e727b02476e1d71cfe8f9e173b8.php 第 200 行.
NOTIC: [8] Undefined variable: vol G:\XAMPP\htdocs\TiandaoStudy\Application\Runtime\Cache\Home\faf93e727b02476e1d71cfe8f9e173b8.php 第 206 行.
NOTIC: [8] Undefined variable: vol G:\XAMPP\htdocs\TiandaoStudy\Application\Runtime\Cache\Home\faf93e727b02476e1d71cfe8f9e173b8.php 第 206 行.
NOTIC: [8] Undefined variable: vol G:\XAMPP\htdocs\TiandaoStudy\Application\Runtime\Cache\Home\faf93e727b02476e1d71cfe8f9e173b8.php 第 210 行.
NOTIC: [8] Undefined variable: vol G:\XAMPP\htdocs\TiandaoStudy\Application\Runtime\Cache\Home\faf93e727b02476e1d71cfe8f9e173b8.php 第 210 行.
INFO: Run Behavior\ParseTemplateBehavior [ RunTime:0.020706s ]
INFO: [ view_parse ] --END-- [ RunTime:0.020751s ]
INFO: [ view_filter ] --START--
INFO: Run Behavior\WriteHtmlCacheBehavior [ RunTime:0.000348s ]
INFO: [ view_filter ] --END-- [ RunTime:0.000378s ]
INFO: [ app_end ] --START--
INFO: Run Behavior\ShowPageTraceBehavior [ RunTime:0.000682s ]
INFO: [ app_end ] --END-- [ RunTime:0.000757s ]

[ 2017-08-10T15:24:43+08:00 ] 127.0.0.1 /static/css/images/ui-bg_flat_75_ffffff_40x100.png
INFO: [ app_init ] --START--
INFO: Run Behavior\BuildLiteBehavior [ RunTime:0.000012s ]
INFO: [ app_init ] --END-- [ RunTime:0.000356s ]

[ 2017-08-10T15:24:50+08:00 ] 127.0.0.1 /Adlocation/index.html
INFO: [ app_init ] --START--
INFO: Run Behavior\BuildLiteBehavior [ RunTime:0.000010s ]
INFO: [ app_init ] --END-- [ RunTime:0.000263s ]
INFO: [ app_begin ] --START--
INFO: Run Behavior\ReadHtmlCacheBehavior [ RunTime:0.000401s ]
INFO: [ app_begin ] --END-- [ RunTime:0.000439s ]
SQL: SHOW COLUMNS FROM `td_adlocation` [ RunTime:0.0016s ]
SQL: SELECT COUNT(*) AS tp_count FROM `td_adlocation` WHERE `status` = 1 LIMIT 1   [ RunTime:0.0011s ]
NOTIC: [2] Missing argument 5 for get_page(), called in G:\XAMPP\htdocs\TiandaoStudy\Application\Home\Controller\AdlocationController.class.php on line 43 and defined G:\XAMPP\htdocs\TiandaoStudy\Application\Home\Common\function.php 第 103 行.
NOTIC: [2] Missing argument 6 for get_page(), called in G:\XAMPP\htdocs\TiandaoStudy\Application\Home\Controller\AdlocationController.class.php on line 43 and defined G:\XAMPP\htdocs\TiandaoStudy\Application\Home\Common\function.php 第 103 行.
NOTIC: [8] Undefined variable: parameter G:\XAMPP\htdocs\TiandaoStudy\Application\Home\Common\function.php 第 105 行.
NOTIC: [8] Undefined variable: p G:\XAMPP\htdocs\TiandaoStudy\Application\Home\Common\function.php 第 105 行.
SQL: SELECT * FROM `td_adlocation` WHERE `status` = 1 ORDER BY id desc LIMIT 0,10   [ RunTime:0.0011s ]
SQL: SHOW COLUMNS FROM `td_adposition` [ RunTime:0.0013s ]
SQL: SELECT * FROM `td_adposition`  [ RunTime:0.0013s ]
INFO: [ view_parse ] --START--
INFO: [ template_filter ] --START--
INFO: Run Behavior\ContentReplaceBehavior [ RunTime:0.000108s ]
INFO: [ template_filter ] --END-- [ RunTime:0.000188s ]
INFO: Run Behavior\ParseTemplateBehavior [ RunTime:0.035442s ]
INFO: [ view_parse ] --END-- [ RunTime:0.035513s ]
INFO: [ view_filter ] --START--
INFO: Run Behavior\WriteHtmlCacheBehavior [ RunTime:0.000454s ]
INFO: [ view_filter ] --END-- [ RunTime:0.000499s ]
INFO: [ app_end ] --START--
INFO: Run Behavior\ShowPageTraceBehavior [ RunTime:0.001655s ]
INFO: [ app_end ] --END-- [ RunTime:0.001720s ]

[ 2017-08-10T15:24:51+08:00 ] 127.0.0.1 /Adlocation/add.html?id=16&type=1
INFO: [ app_init ] --START--
INFO: Run Behavior\BuildLiteBehavior [ RunTime:0.000010s ]
INFO: [ app_init ] --END-- [ RunTime:0.000266s ]
INFO: [ app_begin ] --START--
INFO: Run Behavior\ReadHtmlCacheBehavior [ RunTime:0.000401s ]
INFO: [ app_begin ] --END-- [ RunTime:0.000438s ]
SQL: SHOW COLUMNS FROM `td_adlocation` [ RunTime:0.0016s ]
SQL: SELECT * FROM `td_adlocation` WHERE `id` = '16' LIMIT 1   [ RunTime:0.0013s ]
SQL: SHOW COLUMNS FROM `td_adposition` [ RunTime:0.0014s ]
SQL: SELECT * FROM `td_adposition` WHERE `page_id` = 1  [ RunTime:0.0013s ]
SQL: SELECT * FROM `td_adposition` WHERE `page_id` = 2  [ RunTime:0.0006s ]
SQL: SELECT * FROM `td_adposition` WHERE `page_id` = 3  [ RunTime:0.0007s ]
SQL: SELECT * FROM `td_adposition` WHERE `page_id` = 4  [ RunTime:0.0007s ]
INFO: [ view_parse ] --START--
INFO: [ template_filter ] --START--
INFO: Run Behavior\ContentReplaceBehavior [ RunTime:0.000073s ]
INFO: [ template_filter ] --END-- [ RunTime:0.000118s ]
INFO: Run Behavior\ParseTemplateBehavior [ RunTime:0.045097s ]
INFO: [ view_parse ] --END-- [ RunTime:0.045144s ]
INFO: [ view_filter ] --START--
INFO: Run Behavior\WriteHtmlCacheBehavior [ RunTime:0.000281s ]
INFO: [ view_filter ] --END-- [ RunTime:0.000310s ]
INFO: [ app_end ] --START--
INFO: Run Behavior\ShowPageTraceBehavior [ RunTime:0.000779s ]
INFO: [ app_end ] --END-- [ RunTime:0.000966s ]

[ 2017-08-10T15:24:53+08:00 ] 127.0.0.1 /Adlocation/index.html
INFO: [ app_init ] --START--
INFO: Run Behavior\BuildLiteBehavior [ RunTime:0.000010s ]
INFO: [ app_init ] --END-- [ RunTime:0.000267s ]
INFO: [ app_begin ] --START--
INFO: Run Behavior\ReadHtmlCacheBehavior [ RunTime:0.000461s ]
INFO: [ app_begin ] --END-- [ RunTime:0.000512s ]
SQL: SHOW COLUMNS FROM `td_adlocation` [ RunTime:0.0017s ]
SQL: SELECT COUNT(*) AS tp_count FROM `td_adlocation` WHERE `status` = 1 LIMIT 1   [ RunTime:0.0012s ]
NOTIC: [2] Missing argument 5 for get_page(), called in G:\XAMPP\htdocs\TiandaoStudy\Application\Home\Controller\AdlocationController.class.php on line 43 and defined G:\XAMPP\htdocs\TiandaoStudy\Application\Home\Common\function.php 第 103 行.
NOTIC: [2] Missing argument 6 for get_page(), called in G:\XAMPP\htdocs\TiandaoStudy\Application\Home\Controller\AdlocationController.class.php on line 43 and defined G:\XAMPP\htdocs\TiandaoStudy\Application\Home\Common\function.php 第 103 行.
NOTIC: [8] Undefined variable: parameter G:\XAMPP\htdocs\TiandaoStudy\Application\Home\Common\function.php 第 105 行.
NOTIC: [8] Undefined variable: p G:\XAMPP\htdocs\TiandaoStudy\Application\Home\Common\function.php 第 105 行.
SQL: SELECT * FROM `td_adlocation` WHERE `status` = 1 ORDER BY id desc LIMIT 0,10   [ RunTime:0.0012s ]
SQL: SHOW COLUMNS FROM `td_adposition` [ RunTime:0.0013s ]
SQL: SELECT * FROM `td_adposition`  [ RunTime:0.0013s ]
INFO: [ view_parse ] --START--
INFO: [ template_filter ] --START--
INFO: Run Behavior\ContentReplaceBehavior [ RunTime:0.000140s ]
INFO: [ template_filter ] --END-- [ RunTime:0.000242s ]
INFO: Run Behavior\ParseTemplateBehavior [ RunTime:0.037615s ]
INFO: [ view_parse ] --END-- [ RunTime:0.037702s ]
INFO: [ view_filter ] --START--
INFO: Run Behavior\WriteHtmlCacheBehavior [ RunTime:0.000648s ]
INFO: [ view_filter ] --END-- [ RunTime:0.000703s ]
INFO: [ app_end ] --START--
INFO: Run Behavior\ShowPageTraceBehavior [ RunTime:0.001437s ]
INFO: [ app_end ] --END-- [ RunTime:0.001549s ]

[ 2017-08-10T15:24:54+08:00 ] 127.0.0.1 /Adlocation/advert.html?id=16
INFO: [ app_init ] --START--
INFO: Run Behavior\BuildLiteBehavior [ RunTime:0.000011s ]
INFO: [ app_init ] --END-- [ RunTime:0.000293s ]
INFO: [ app_begin ] --START--
INFO: Run Behavior\ReadHtmlCacheBehavior [ RunTime:0.000428s ]
INFO: [ app_begin ] --END-- [ RunTime:0.000470s ]
SQL: SHOW COLUMNS FROM `td_adlocation` [ RunTime:0.0015s ]
SQL: SHOW COLUMNS FROM `td_ad_mapping` [ RunTime:0.0014s ]
SQL: SELECT a.start_time,`end_time`,`click_num`,`status`,`sort`,`special`,`specialid`,`advertid`,b.advert_title,`advert_img`,`advert_url` FROM td_ad_mapping a RIGHT JOIN td_advert b ON a.advertid = b.id   WHERE a.locationid = '16' AND a.status = 1 ORDER BY sort DESC  [ RunTime:0.0013s ]
INFO: [ view_parse ] --START--
INFO: [ template_filter ] --START--
INFO: Run Behavior\ContentReplaceBehavior [ RunTime:0.000074s ]
INFO: [ template_filter ] --END-- [ RunTime:0.000116s ]
NOTIC: [8] Undefined variable: vol G:\XAMPP\htdocs\TiandaoStudy\Application\Runtime\Cache\Home\faf93e727b02476e1d71cfe8f9e173b8.php 第 128 行.
NOTIC: [8] Undefined variable: vol G:\XAMPP\htdocs\TiandaoStudy\Application\Runtime\Cache\Home\faf93e727b02476e1d71cfe8f9e173b8.php 第 139 行.
NOTIC: [8] Undefined variable: vol G:\XAMPP\htdocs\TiandaoStudy\Application\Runtime\Cache\Home\faf93e727b02476e1d71cfe8f9e173b8.php 第 143 行.
NOTIC: [8] Undefined variable: vol G:\XAMPP\htdocs\TiandaoStudy\Application\Runtime\Cache\Home\faf93e727b02476e1d71cfe8f9e173b8.php 第 149 行.
NOTIC: [8] Undefined variable: vol G:\XAMPP\htdocs\TiandaoStudy\Application\Runtime\Cache\Home\faf93e727b02476e1d71cfe8f9e173b8.php 第 149 行.
NOTIC: [8] Undefined variable: vol G:\XAMPP\htdocs\TiandaoStudy\Application\Runtime\Cache\Home\faf93e727b02476e1d71cfe8f9e173b8.php 第 150 行.
NOTIC: [8] Undefined variable: vol G:\XAMPP\htdocs\TiandaoStudy\Application\Runtime\Cache\Home\faf93e727b02476e1d71cfe8f9e173b8.php 第 151 行.
NOTIC: [8] Undefined variable: vol G:\XAMPP\htdocs\TiandaoStudy\Application\Runtime\Cache\Home\faf93e727b02476e1d71cfe8f9e173b8.php 第 154 行.
NOTIC: [8] Undefined variable: vol G:\XAMPP\htdocs\TiandaoStudy\Application\Runtime\Cache\Home\faf93e727b02476e1d71cfe8f9e173b8.php 第 154 行.
NOTIC: [8] Undefined variable: vol G:\XAMPP\htdocs\TiandaoStudy\Application\Runtime\Cache\Home\faf93e727b02476e1d71cfe8f9e173b8.php 第 157 行.
NOTIC: [8] Undefined variable: vol G:\XAMPP\htdocs\TiandaoStudy\Application\Runtime\Cache\Home\faf93e727b02476e1d71cfe8f9e173b8.php 第 160 行.
NOTIC: [8] Undefined variable: vol G:\XAMPP\htdocs\TiandaoStudy\Application\Runtime\Cache\Home\faf93e727b02476e1d71cfe8f9e173b8.php 第 163 行.
NOTIC: [8] Undefined variable: vol G:\XAMPP\htdocs\TiandaoStudy\Application\Runtime\Cache\Home\faf93e727b02476e1d71cfe8f9e173b8.php 第 166 行.
NOTIC: [8] Undefined variable: vol G:\XAMPP\htdocs\TiandaoStudy\Application\Runtime\Cache\Home\faf93e727b02476e1d71cfe8f9e173b8.php 第 169 行.
NOTIC: [8] Undefined variable: vol G:\XAMPP\htdocs\TiandaoStudy\Application\Runtime\Cache\Home\faf93e727b02476e1d71cfe8f9e173b8.php 第 172 行.
NOTIC: [8] Undefined variable: vol G:\XAMPP\htdocs\TiandaoStudy\Application\Runtime\Cache\Home\faf93e727b02476e1d71cfe8f9e173b8.php 第 173 行.
NOTIC: [8] Use of undefined constant advert_img - assumed 'advert_img' G:\XAMPP\htdocs\TiandaoStudy\Application\Runtime\Cache\Home\faf93e727b02476e1d71cfe8f9e173b8.php 第 179 行.
NOTIC: [8] Undefined variable: vol G:\XAMPP\htdocs\TiandaoStudy\Application\Runtime\Cache\Home\faf93e727b02476e1d71cfe8f9e173b8.php 第 179 行.
NOTIC: [8] Undefined variable: vol G:\XAMPP\htdocs\TiandaoStudy\Application\Runtime\Cache\Home\faf93e727b02476e1d71cfe8f9e173b8.php 第 179 行.
NOTIC: [8] Undefined variable: vol G:\XAMPP\htdocs\TiandaoStudy\Application\Runtime\Cache\Home\faf93e727b02476e1d71cfe8f9e173b8.php 第 193 行.
NOTIC: [8] Undefined variable: vol G:\XAMPP\htdocs\TiandaoStudy\Application\Runtime\Cache\Home\faf93e727b02476e1d71cfe8f9e173b8.php 第 193 行.
NOTIC: [8] Undefined variable: vol G:\XAMPP\htdocs\TiandaoStudy\Application\Runtime\Cache\Home\faf93e727b02476e1d71cfe8f9e173b8.php 第 194 行.
NOTIC: [8] Undefined variable: vol G:\XAMPP\htdocs\TiandaoStudy\Application\Runtime\Cache\Home\faf93e727b02476e1d71cfe8f9e173b8.php 第 200 行.
NOTIC: [8] Undefined variable: vol G:\XAMPP\htdocs\TiandaoStudy\Application\Runtime\Cache\Home\faf93e727b02476e1d71cfe8f9e173b8.php 第 206 行.
NOTIC: [8] Undefined variable: vol G:\XAMPP\htdocs\TiandaoStudy\Application\Runtime\Cache\Home\faf93e727b02476e1d71cfe8f9e173b8.php 第 206 行.
NOTIC: [8] Undefined variable: vol G:\XAMPP\htdocs\TiandaoStudy\Application\Runtime\Cache\Home\faf93e727b02476e1d71cfe8f9e173b8.php 第 210 行.
NOTIC: [8] Undefined variable: vol G:\XAMPP\htdocs\TiandaoStudy\Application\Runtime\Cache\Home\faf93e727b02476e1d71cfe8f9e173b8.php 第 210 行.
INFO: Run Behavior\ParseTemplateBehavior [ RunTime:0.018517s ]
INFO: [ view_parse ] --END-- [ RunTime:0.018555s ]
INFO: [ view_filter ] --START--
INFO: Run Behavior\WriteHtmlCacheBehavior [ RunTime:0.000275s ]
INFO: [ view_filter ] --END-- [ RunTime:0.000299s ]
INFO: [ app_end ] --START--
INFO: Run Behavior\ShowPageTraceBehavior [ RunTime:0.000624s ]
INFO: [ app_end ] --END-- [ RunTime:0.000665s ]

[ 2017-08-10T15:24:54+08:00 ] 127.0.0.1 /static/css/images/ui-bg_flat_75_ffffff_40x100.png
INFO: [ app_init ] --START--
INFO: Run Behavior\BuildLiteBehavior [ RunTime:0.000014s ]
INFO: [ app_init ] --END-- [ RunTime:0.000326s ]

[ 2017-08-10T15:24:58+08:00 ] 127.0.0.1 /Adlocation/advert.html?advertid=25&id=16
INFO: [ app_init ] --START--
INFO: Run Behavior\BuildLiteBehavior [ RunTime:0.000011s ]
INFO: [ app_init ] --END-- [ RunTime:0.000271s ]
INFO: [ app_begin ] --START--
INFO: Run Behavior\ReadHtmlCacheBehavior [ RunTime:0.001066s ]
INFO: [ app_begin ] --END-- [ RunTime:0.001120s ]
SQL: SHOW COLUMNS FROM `td_adlocation` [ RunTime:0.0016s ]
SQL: SHOW COLUMNS FROM `td_ad_mapping` [ RunTime:0.0014s ]
SQL: SELECT a.start_time,a.end_time,a.click_num,a.status,a.sort,a.special,a.specialid,a.offer,a.offerid,a.url_type,a.advertid,b.advert_title,`advert_img`,`advert_url` FROM td_ad_mapping a RIGHT JOIN td_advert b ON a.advertid = b.id   WHERE a.advertid = '25' AND a.status = 1 ORDER BY sort DESC LIMIT 1   [ RunTime:0.0015s ]
SQL: SELECT a.start_time,`end_time`,`click_num`,`status`,`sort`,`special`,`specialid`,`advertid`,b.advert_title,`advert_img`,`advert_url` FROM td_ad_mapping a RIGHT JOIN td_advert b ON a.advertid = b.id   WHERE a.locationid = '16' AND a.status = 1 ORDER BY sort DESC  [ RunTime:0.0013s ]
INFO: [ view_parse ] --START--
INFO: [ template_filter ] --START--
INFO: Run Behavior\ContentReplaceBehavior [ RunTime:0.000076s ]
INFO: [ template_filter ] --END-- [ RunTime:0.000118s ]
NOTIC: [8] Use of undefined constant advert_img - assumed 'advert_img' G:\XAMPP\htdocs\TiandaoStudy\Application\Runtime\Cache\Home\faf93e727b02476e1d71cfe8f9e173b8.php 第 179 行.
NOTIC: [8] Array to string conversion G:\XAMPP\htdocs\TiandaoStudy\Application\Runtime\Cache\Home\faf93e727b02476e1d71cfe8f9e173b8.php 第 179 行.
INFO: Run Behavior\ParseTemplateBehavior [ RunTime:0.021811s ]
INFO: [ view_parse ] --END-- [ RunTime:0.021865s ]
INFO: [ view_filter ] --START--
INFO: Run Behavior\WriteHtmlCacheBehavior [ RunTime:0.000324s ]
INFO: [ view_filter ] --END-- [ RunTime:0.000353s ]
INFO: [ app_end ] --START--
INFO: Run Behavior\ShowPageTraceBehavior [ RunTime:0.000659s ]
INFO: [ app_end ] --END-- [ RunTime:0.000703s ]

[ 2017-08-10T15:24:59+08:00 ] 127.0.0.1 /static/css/images/ui-bg_flat_75_ffffff_40x100.png
INFO: [ app_init ] --START--
INFO: Run Behavior\BuildLiteBehavior [ RunTime:0.000014s ]
INFO: [ app_init ] --END-- [ RunTime:0.000341s ]

[ 2017-08-10T15:25:03+08:00 ] 127.0.0.1 /Adlocation/advert.html
INFO: [ app_init ] --START--
INFO: Run Behavior\BuildLiteBehavior [ RunTime:0.000009s ]
INFO: [ app_init ] --END-- [ RunTime:0.000258s ]
INFO: [ app_begin ] --START--
INFO: Run Behavior\ReadHtmlCacheBehavior [ RunTime:0.000998s ]
INFO: [ app_begin ] --END-- [ RunTime:0.001093s ]
SQL: SHOW COLUMNS FROM `td_adlocation` [ RunTime:0.0016s ]
SQL: SHOW COLUMNS FROM `td_ad_mapping` [ RunTime:0.0015s ]
SQL: SELECT a.start_time,a.end_time,a.click_num,a.status,a.sort,a.special,a.specialid,a.offer,a.offerid,a.url_type,a.advertid,b.advert_title,`advert_img`,`advert_url` FROM td_ad_mapping a RIGHT JOIN td_advert b ON a.advertid = b.id   WHERE a.advertid = '25' AND a.status = 1 ORDER BY sort DESC LIMIT 1   [ RunTime:0.0014s ]
SQL: SHOW COLUMNS FROM `td_advert` [ RunTime:0.0013s ]
SQL: UPDATE `td_advert` SET `advert_title`='天道全套留学方案',`advert_url`='' WHERE `id` = 25 [ RunTime:0.0013s ]
SQL: UPDATE `td_ad_mapping` SET `special`='天道全套留学方案',`specialid`='38',`offer`='',`offerid`='0',`start_time`='-28800',`end_time`='-28800',`sort`='0',`status`='1',`url_type`='2',`locationid`='16',`add_time`='1502349903' WHERE `advertid` = 25 [ RunTime:0.0013s ]

[ 2017-08-10T15:25:05+08:00 ] 127.0.0.1 /Adlocation/advert.html?advertid=25&id=16
INFO: [ app_init ] --START--
INFO: Run Behavior\BuildLiteBehavior [ RunTime:0.000009s ]
INFO: [ app_init ] --END-- [ RunTime:0.000258s ]
INFO: [ app_begin ] --START--
INFO: Run Behavior\ReadHtmlCacheBehavior [ RunTime:0.000395s ]
INFO: [ app_begin ] --END-- [ RunTime:0.000430s ]
SQL: SHOW COLUMNS FROM `td_adlocation` [ RunTime:0.0017s ]
SQL: SHOW COLUMNS FROM `td_ad_mapping` [ RunTime:0.0014s ]
SQL: SELECT a.start_time,a.end_time,a.click_num,a.status,a.sort,a.special,a.specialid,a.offer,a.offerid,a.url_type,a.advertid,b.advert_title,`advert_img`,`advert_url` FROM td_ad_mapping a RIGHT JOIN td_advert b ON a.advertid = b.id   WHERE a.advertid = '25' AND a.status = 1 ORDER BY sort DESC LIMIT 1   [ RunTime:0.0014s ]
SQL: SELECT a.start_time,`end_time`,`click_num`,`status`,`sort`,`special`,`specialid`,`advertid`,b.advert_title,`advert_img`,`advert_url` FROM td_ad_mapping a RIGHT JOIN td_advert b ON a.advertid = b.id   WHERE a.locationid = '16' AND a.status = 1 ORDER BY sort DESC  [ RunTime:0.0013s ]
INFO: [ view_parse ] --START--
INFO: [ template_filter ] --START--
INFO: Run Behavior\ContentReplaceBehavior [ RunTime:0.000073s ]
INFO: [ template_filter ] --END-- [ RunTime:0.000110s ]
NOTIC: [8] Use of undefined constant advert_img - assumed 'advert_img' G:\XAMPP\htdocs\TiandaoStudy\Application\Runtime\Cache\Home\faf93e727b02476e1d71cfe8f9e173b8.php 第 179 行.
NOTIC: [8] Array to string conversion G:\XAMPP\htdocs\TiandaoStudy\Application\Runtime\Cache\Home\faf93e727b02476e1d71cfe8f9e173b8.php 第 179 行.
INFO: Run Behavior\ParseTemplateBehavior [ RunTime:0.017436s ]
INFO: [ view_parse ] --END-- [ RunTime:0.017478s ]
INFO: [ view_filter ] --START--
INFO: Run Behavior\WriteHtmlCacheBehavior [ RunTime:0.000354s ]
INFO: [ view_filter ] --END-- [ RunTime:0.000389s ]
INFO: [ app_end ] --START--
INFO: Run Behavior\ShowPageTraceBehavior [ RunTime:0.000684s ]
INFO: [ app_end ] --END-- [ RunTime:0.000727s ]

[ 2017-08-10T15:25:05+08:00 ] 127.0.0.1 /static/css/images/ui-bg_flat_75_ffffff_40x100.png
INFO: [ app_init ] --START--
INFO: Run Behavior\BuildLiteBehavior [ RunTime:0.000012s ]
INFO: [ app_init ] --END-- [ RunTime:0.000302s ]

[ 2017-08-10T15:25:17+08:00 ] 127.0.0.1 /Adlocation/advert.html
INFO: [ app_init ] --START--
INFO: Run Behavior\BuildLiteBehavior [ RunTime:0.000011s ]
INFO: [ app_init ] --END-- [ RunTime:0.000310s ]
INFO: [ app_begin ] --START--
INFO: Run Behavior\ReadHtmlCacheBehavior [ RunTime:0.000412s ]
INFO: [ app_begin ] --END-- [ RunTime:0.000449s ]
SQL: SHOW COLUMNS FROM `td_adlocation` [ RunTime:0.0016s ]
SQL: SHOW COLUMNS FROM `td_ad_mapping` [ RunTime:0.0014s ]
SQL: SELECT a.start_time,a.end_time,a.click_num,a.status,a.sort,a.special,a.specialid,a.offer,a.offerid,a.url_type,a.advertid,b.advert_title,`advert_img`,`advert_url` FROM td_ad_mapping a RIGHT JOIN td_advert b ON a.advertid = b.id   WHERE a.advertid = '25' AND a.status = 1 ORDER BY sort DESC LIMIT 1   [ RunTime:0.0014s ]
SQL: SHOW COLUMNS FROM `td_advert` [ RunTime:0.0011s ]
SQL: UPDATE `td_advert` SET `advert_title`='天道全套留学方案',`advert_url`='' WHERE `id` = 25 [ RunTime:0.0013s ]
SQL: UPDATE `td_ad_mapping` SET `special`='天道全套留学方案',`specialid`='38',`offer`='',`offerid`='0',`start_time`='-28800',`end_time`='-28800',`sort`='0',`status`='1',`url_type`='2',`locationid`='16',`add_time`='1502349917' WHERE `advertid` = 25 [ RunTime:0.0013s ]

[ 2017-08-10T15:25:19+08:00 ] 127.0.0.1 /Adlocation/advert.html?advertid=25&id=16
INFO: [ app_init ] --START--
INFO: Run Behavior\BuildLiteBehavior [ RunTime:0.000012s ]
INFO: [ app_init ] --END-- [ RunTime:0.000364s ]
INFO: [ app_begin ] --START--
INFO: Run Behavior\ReadHtmlCacheBehavior [ RunTime:0.000492s ]
INFO: [ app_begin ] --END-- [ RunTime:0.000539s ]
SQL: SHOW COLUMNS FROM `td_adlocation` [ RunTime:0.0018s ]
SQL: SHOW COLUMNS FROM `td_ad_mapping` [ RunTime:0.0014s ]
SQL: SELECT a.start_time,a.end_time,a.click_num,a.status,a.sort,a.special,a.specialid,a.offer,a.offerid,a.url_type,a.advertid,b.advert_title,`advert_img`,`advert_url` FROM td_ad_mapping a RIGHT JOIN td_advert b ON a.advertid = b.id   WHERE a.advertid = '25' AND a.status = 1 ORDER BY sort DESC LIMIT 1   [ RunTime:0.0014s ]
SQL: SELECT a.start_time,`end_time`,`click_num`,`status`,`sort`,`special`,`specialid`,`advertid`,b.advert_title,`advert_img`,`advert_url` FROM td_ad_mapping a RIGHT JOIN td_advert b ON a.advertid = b.id   WHERE a.locationid = '16' AND a.status = 1 ORDER BY sort DESC  [ RunTime:0.0013s ]
INFO: [ view_parse ] --START--
INFO: [ template_filter ] --START--
INFO: Run Behavior\ContentReplaceBehavior [ RunTime:0.000070s ]
INFO: [ template_filter ] --END-- [ RunTime:0.000110s ]
NOTIC: [8] Use of undefined constant advert_img - assumed 'advert_img' G:\XAMPP\htdocs\TiandaoStudy\Application\Runtime\Cache\Home\faf93e727b02476e1d71cfe8f9e173b8.php 第 179 行.
NOTIC: [8] Array to string conversion G:\XAMPP\htdocs\TiandaoStudy\Application\Runtime\Cache\Home\faf93e727b02476e1d71cfe8f9e173b8.php 第 179 行.
INFO: Run Behavior\ParseTemplateBehavior [ RunTime:0.018118s ]
INFO: [ view_parse ] --END-- [ RunTime:0.018160s ]
INFO: [ view_filter ] --START--
INFO: Run Behavior\WriteHtmlCacheBehavior [ RunTime:0.000386s ]
INFO: [ view_filter ] --END-- [ RunTime:0.000419s ]
INFO: [ app_end ] --START--
INFO: Run Behavior\ShowPageTraceBehavior [ RunTime:0.000671s ]
INFO: [ app_end ] --END-- [ RunTime:0.000714s ]

[ 2017-08-10T15:25:20+08:00 ] 127.0.0.1 /static/css/images/ui-bg_flat_75_ffffff_40x100.png
INFO: [ app_init ] --START--
INFO: Run Behavior\BuildLiteBehavior [ RunTime:0.000013s ]
INFO: [ app_init ] --END-- [ RunTime:0.000300s ]

[ 2017-08-10T15:27:55+08:00 ] 127.0.0.1 /Adlocation/advert.html
INFO: [ app_init ] --START--
INFO: Run Behavior\BuildLiteBehavior [ RunTime:0.000012s ]
INFO: [ app_init ] --END-- [ RunTime:0.000336s ]
INFO: [ app_begin ] --START--
INFO: Run Behavior\ReadHtmlCacheBehavior [ RunTime:0.000483s ]
INFO: [ app_begin ] --END-- [ RunTime:0.000529s ]
SQL: SHOW COLUMNS FROM `td_adlocation` [ RunTime:0.0015s ]
SQL: SHOW COLUMNS FROM `td_ad_mapping` [ RunTime:0.0014s ]
SQL: SELECT a.start_time,a.end_time,a.click_num,a.status,a.sort,a.special,a.specialid,a.offer,a.offerid,a.url_type,a.advertid,b.advert_title,`advert_img`,`advert_url` FROM td_ad_mapping a RIGHT JOIN td_advert b ON a.advertid = b.id   WHERE a.advertid = '25' AND a.status = 1 ORDER BY sort DESC LIMIT 1   [ RunTime:0.0015s ]
SQL: SHOW COLUMNS FROM `td_advert` [ RunTime:0.0011s ]
SQL: UPDATE `td_advert` SET `advert_title`='天道全套留学方案',`advert_url`='' WHERE `id` = 25 [ RunTime:0.0014s ]
SQL: UPDATE `td_ad_mapping` SET `special`='天道全套留学方案',`specialid`='38',`offer`='',`offerid`='0',`start_time`='-28800',`end_time`='-28800',`sort`='0',`status`='1',`url_type`='2',`locationid`='16',`add_time`='1502350075' WHERE `advertid` = 25 [ RunTime:0.0013s ]

[ 2017-08-10T15:27:57+08:00 ] 127.0.0.1 /Adlocation/advert.html?advertid=25&id=16
INFO: [ app_init ] --START--
INFO: Run Behavior\BuildLiteBehavior [ RunTime:0.000024s ]
INFO: [ app_init ] --END-- [ RunTime:0.000859s ]
INFO: [ app_begin ] --START--
INFO: Run Behavior\ReadHtmlCacheBehavior [ RunTime:0.000942s ]
INFO: [ app_begin ] --END-- [ RunTime:0.001037s ]
SQL: SHOW COLUMNS FROM `td_adlocation` [ RunTime:0.0018s ]
SQL: SHOW COLUMNS FROM `td_ad_mapping` [ RunTime:0.0015s ]
SQL: SELECT a.start_time,a.end_time,a.click_num,a.status,a.sort,a.special,a.specialid,a.offer,a.offerid,a.url_type,a.advertid,b.advert_title,`advert_img`,`advert_url` FROM td_ad_mapping a RIGHT JOIN td_advert b ON a.advertid = b.id   WHERE a.advertid = '25' AND a.status = 1 ORDER BY sort DESC LIMIT 1   [ RunTime:0.0016s ]
SQL: SELECT a.start_time,`end_time`,`click_num`,`status`,`sort`,`special`,`specialid`,`advertid`,b.advert_title,`advert_img`,`advert_url` FROM td_ad_mapping a RIGHT JOIN td_advert b ON a.advertid = b.id   WHERE a.locationid = '16' AND a.status = 1 ORDER BY sort DESC  [ RunTime:0.0012s ]
INFO: [ view_parse ] --START--
INFO: [ template_filter ] --START--
INFO: Run Behavior\ContentReplaceBehavior [ RunTime:0.000106s ]
INFO: [ template_filter ] --END-- [ RunTime:0.000164s ]
NOTIC: [8] Use of undefined constant advert_img - assumed 'advert_img' G:\XAMPP\htdocs\TiandaoStudy\Application\Runtime\Cache\Home\faf93e727b02476e1d71cfe8f9e173b8.php 第 179 行.
NOTIC: [8] Array to string conversion G:\XAMPP\htdocs\TiandaoStudy\Application\Runtime\Cache\Home\faf93e727b02476e1d71cfe8f9e173b8.php 第 179 行.
INFO: Run Behavior\ParseTemplateBehavior [ RunTime:0.027428s ]
INFO: [ view_parse ] --END-- [ RunTime:0.027501s ]
INFO: [ view_filter ] --START--
INFO: Run Behavior\WriteHtmlCacheBehavior [ RunTime:0.000459s ]
INFO: [ view_filter ] --END-- [ RunTime:0.000500s ]
INFO: [ app_end ] --START--
INFO: Run Behavior\ShowPageTraceBehavior [ RunTime:0.001053s ]
INFO: [ app_end ] --END-- [ RunTime:0.001127s ]

[ 2017-08-10T15:27:58+08:00 ] 127.0.0.1 /static/css/images/ui-bg_flat_75_ffffff_40x100.png
INFO: [ app_init ] --START--
INFO: Run Behavior\BuildLiteBehavior [ RunTime:0.000011s ]
INFO: [ app_init ] --END-- [ RunTime:0.000280s ]

[ 2017-08-10T15:28:56+08:00 ] 127.0.0.1 /Adlocation/advert.html
INFO: [ app_init ] --START--
INFO: Run Behavior\BuildLiteBehavior [ RunTime:0.000011s ]
INFO: [ app_init ] --END-- [ RunTime:0.000269s ]
INFO: [ app_begin ] --START--
INFO: Run Behavior\ReadHtmlCacheBehavior [ RunTime:0.000521s ]
INFO: [ app_begin ] --END-- [ RunTime:0.000556s ]
SQL: SHOW COLUMNS FROM `td_adlocation` [ RunTime:0.0017s ]
SQL: SHOW COLUMNS FROM `td_ad_mapping` [ RunTime:0.0014s ]
SQL: SELECT a.start_time,a.end_time,a.click_num,a.status,a.sort,a.special,a.specialid,a.offer,a.offerid,a.url_type,a.advertid,b.advert_title,`advert_img`,`advert_url` FROM td_ad_mapping a RIGHT JOIN td_advert b ON a.advertid = b.id   WHERE a.advertid = '25' AND a.status = 1 ORDER BY sort DESC LIMIT 1   [ RunTime:0.0015s ]
SQL: SHOW COLUMNS FROM `td_advert` [ RunTime:0.0012s ]
NOTIC: [8] Undefined variable: file G:\XAMPP\htdocs\TiandaoStudy\Application\Home\Model\AdvertModel.class.php 第 45 行.

[ 2017-08-10T15:29:29+08:00 ] 127.0.0.1 /Adlocation/advert.html
INFO: [ app_init ] --START--
INFO: Run Behavior\BuildLiteBehavior [ RunTime:0.000013s ]
INFO: [ app_init ] --END-- [ RunTime:0.000321s ]
INFO: [ app_begin ] --START--
INFO: Run Behavior\ReadHtmlCacheBehavior [ RunTime:0.000402s ]
INFO: [ app_begin ] --END-- [ RunTime:0.000439s ]
SQL: SHOW COLUMNS FROM `td_adlocation` [ RunTime:0.0016s ]
SQL: SHOW COLUMNS FROM `td_ad_mapping` [ RunTime:0.0014s ]
SQL: SELECT a.start_time,a.end_time,a.click_num,a.status,a.sort,a.special,a.specialid,a.offer,a.offerid,a.url_type,a.advertid,b.advert_title,`advert_img`,`advert_url` FROM td_ad_mapping a RIGHT JOIN td_advert b ON a.advertid = b.id   WHERE a.advertid = '25' AND a.status = 1 ORDER BY sort DESC LIMIT 1   [ RunTime:0.0016s ]
SQL: SHOW COLUMNS FROM `td_advert` [ RunTime:0.0011s ]
NOTIC: [2] call_user_func() expects parameter 1 to be a valid callback, no array or string given G:\XAMPP\htdocs\TiandaoStudy\ThinkPHP\Library\Think\Upload.class.php 第 170 行.
NOTIC: [8] Undefined index: Expires G:\XAMPP\htdocs\TiandaoStudy\ThinkPHP\Library\Think\Upload\Driver\Qiniu\QiniuStorage.class.php 第 45 行.
NOTIC: [8] Undefined index: saveName G:\XAMPP\htdocs\TiandaoStudy\ThinkPHP\Library\Think\Upload\Driver\Qiniu\QiniuStorage.class.php 第 80 行.
NOTIC: [8] Undefined index: custom_fields G:\XAMPP\htdocs\TiandaoStudy\ThinkPHP\Library\Think\Upload\Driver\Qiniu\QiniuStorage.class.php 第 83 行.
SQL: UPDATE `td_advert` SET `advert_title`='天道全套留学方案',`advert_url`='',`advert_img`='http://res.1gre.cn/Ad_images_598c0b5920c0d.jpg' WHERE `id` = 25 [ RunTime:0.0012s ]
SQL: UPDATE `td_ad_mapping` SET `special`='天道全套留学方案',`specialid`='38',`offer`='',`offerid`='0',`start_time`='-28800',`end_time`='-28800',`sort`='0',`status`='1',`url_type`='2',`locationid`='16',`add_time`='1502350168' WHERE `advertid` = 25 [ RunTime:0.0011s ]

[ 2017-08-10T15:29:31+08:00 ] 127.0.0.1 /Adlocation/advert.html?advertid=25&id=16
INFO: [ app_init ] --START--
INFO: Run Behavior\BuildLiteBehavior [ RunTime:0.000019s ]
INFO: [ app_init ] --END-- [ RunTime:0.000518s ]
INFO: [ app_begin ] --START--
INFO: Run Behavior\ReadHtmlCacheBehavior [ RunTime:0.000879s ]
INFO: [ app_begin ] --END-- [ RunTime:0.000955s ]
SQL: SHOW COLUMNS FROM `td_adlocation` [ RunTime:0.0018s ]
SQL: SHOW COLUMNS FROM `td_ad_mapping` [ RunTime:0.0014s ]
SQL: SELECT a.start_time,a.end_time,a.click_num,a.status,a.sort,a.special,a.specialid,a.offer,a.offerid,a.url_type,a.advertid,b.advert_title,`advert_img`,`advert_url` FROM td_ad_mapping a RIGHT JOIN td_advert b ON a.advertid = b.id   WHERE a.advertid = '25' AND a.status = 1 ORDER BY sort DESC LIMIT 1   [ RunTime:0.0015s ]
SQL: SELECT a.start_time,`end_time`,`click_num`,`status`,`sort`,`special`,`specialid`,`advertid`,b.advert_title,`advert_img`,`advert_url` FROM td_ad_mapping a RIGHT JOIN td_advert b ON a.advertid = b.id   WHERE a.locationid = '16' AND a.status = 1 ORDER BY sort DESC  [ RunTime:0.0013s ]
INFO: [ view_parse ] --START--
INFO: [ template_filter ] --START--
INFO: Run Behavior\ContentReplaceBehavior [ RunTime:0.000073s ]
INFO: [ template_filter ] --END-- [ RunTime:0.000113s ]
NOTIC: [8] Use of undefined constant advert_img - assumed 'advert_img' G:\XAMPP\htdocs\TiandaoStudy\Application\Runtime\Cache\Home\faf93e727b02476e1d71cfe8f9e173b8.php 第 179 行.
NOTIC: [8] Array to string conversion G:\XAMPP\htdocs\TiandaoStudy\Application\Runtime\Cache\Home\faf93e727b02476e1d71cfe8f9e173b8.php 第 179 行.
INFO: Run Behavior\ParseTemplateBehavior [ RunTime:0.020513s ]
INFO: [ view_parse ] --END-- [ RunTime:0.020564s ]
INFO: [ view_filter ] --START--
INFO: Run Behavior\WriteHtmlCacheBehavior [ RunTime:0.000262s ]
INFO: [ view_filter ] --END-- [ RunTime:0.000291s ]
INFO: [ app_end ] --START--
INFO: Run Behavior\ShowPageTraceBehavior [ RunTime:0.000564s ]
INFO: [ app_end ] --END-- [ RunTime:0.000631s ]

[ 2017-08-10T15:29:31+08:00 ] 127.0.0.1 /static/css/images/ui-bg_flat_75_ffffff_40x100.png
INFO: [ app_init ] --START--
INFO: Run Behavior\BuildLiteBehavior [ RunTime:0.000012s ]
INFO: [ app_init ] --END-- [ RunTime:0.000371s ]

