[ 2017-08-14T09:05:10+08:00 ] 127.0.0.1 /
INFO: [ app_init ] --START--
INFO: Run Behavior\BuildLiteBehavior [ RunTime:0.000026s ]
INFO: [ app_init ] --END-- [ RunTime:0.016649s ]
INFO: [ app_begin ] --START--
INFO: Run Behavior\ReadHtmlCacheBehavior [ RunTime:0.015351s ]
INFO: [ app_begin ] --END-- [ RunTime:0.015413s ]
INFO: [ view_parse ] --START--
INFO: [ template_filter ] --START--
INFO: Run Behavior\ContentReplaceBehavior [ RunTime:0.000067s ]
INFO: [ template_filter ] --END-- [ RunTime:0.000129s ]
INFO: Run Behavior\ParseTemplateBehavior [ RunTime:0.133401s ]
INFO: [ view_parse ] --END-- [ RunTime:0.133479s ]
INFO: [ view_filter ] --START--
INFO: Run Behavior\WriteHtmlCacheBehavior [ RunTime:0.058163s ]
INFO: [ view_filter ] --END-- [ RunTime:0.058220s ]
INFO: [ app_end ] --START--
INFO: Run Behavior\ShowPageTraceBehavior [ RunTime:0.015918s ]
INFO: [ app_end ] --END-- [ RunTime:0.015987s ]

[ 2017-08-14T09:05:11+08:00 ] 127.0.0.1 /Index/main.html
INFO: [ app_init ] --START--
INFO: Run Behavior\BuildLiteBehavior [ RunTime:0.000021s ]
INFO: [ app_init ] --END-- [ RunTime:0.000611s ]
INFO: [ app_begin ] --START--
INFO: Run Behavior\ReadHtmlCacheBehavior [ RunTime:0.001485s ]
INFO: [ app_begin ] --END-- [ RunTime:0.001577s ]
SQL: SHOW COLUMNS FROM `td_member` [ RunTime:0.0022s ]
SQL: SELECT COUNT(*) AS tp_count FROM td_member a RIGHT JOIN onion.td_user b ON a.id = b.uid   WHERE a.source = 5 LIMIT 1   [ RunTime:0.0021s ]
SQL: SELECT COUNT(*) AS tp_count FROM td_member a RIGHT JOIN onion.td_user b ON a.id = b.uid   WHERE a.source = 5 AND a.reg_time >= 1502640000 LIMIT 1   [ RunTime:0.0011s ]
NOTIC: [2] Missing argument 1 for Home\Model\ArticleModel::getCount(), called in G:\XAMPP\htdocs\TiandaoStudy\Application\Home\Controller\IndexController.class.php on line 37 and defined G:\XAMPP\htdocs\TiandaoStudy\Application\Home\Model\ArticleModel.class.php 第 187 行.
NOTIC: [8] Undefined variable: data G:\XAMPP\htdocs\TiandaoStudy\Application\Home\Model\ArticleModel.class.php 第 192 行.
NOTIC: [2] array_key_exists() expects parameter 2 to be array, null given G:\XAMPP\htdocs\TiandaoStudy\Application\Home\Model\ArticleModel.class.php 第 192 行.
NOTIC: [8] Undefined variable: data G:\XAMPP\htdocs\TiandaoStudy\Application\Home\Model\ArticleModel.class.php 第 204 行.
NOTIC: [2] array_key_exists() expects parameter 2 to be array, null given G:\XAMPP\htdocs\TiandaoStudy\Application\Home\Model\ArticleModel.class.php 第 204 行.
NOTIC: [8] Undefined variable: data G:\XAMPP\htdocs\TiandaoStudy\Application\Home\Model\ArticleModel.class.php 第 210 行.
NOTIC: [2] array_key_exists() expects parameter 2 to be array, null given G:\XAMPP\htdocs\TiandaoStudy\Application\Home\Model\ArticleModel.class.php 第 210 行.
NOTIC: [8] Undefined variable: data G:\XAMPP\htdocs\TiandaoStudy\Application\Home\Model\ArticleModel.class.php 第 215 行.
NOTIC: [2] array_key_exists() expects parameter 2 to be array, null given G:\XAMPP\htdocs\TiandaoStudy\Application\Home\Model\ArticleModel.class.php 第 215 行.
NOTIC: [8] Undefined variable: data G:\XAMPP\htdocs\TiandaoStudy\Application\Home\Model\ArticleModel.class.php 第 220 行.
NOTIC: [2] array_key_exists() expects parameter 2 to be array, null given G:\XAMPP\htdocs\TiandaoStudy\Application\Home\Model\ArticleModel.class.php 第 220 行.
NOTIC: [8] Undefined variable: data G:\XAMPP\htdocs\TiandaoStudy\Application\Home\Model\ArticleModel.class.php 第 225 行.
NOTIC: [2] array_key_exists() expects parameter 2 to be array, null given G:\XAMPP\htdocs\TiandaoStudy\Application\Home\Model\ArticleModel.class.php 第 225 行.
NOTIC: [8] Undefined variable: data G:\XAMPP\htdocs\TiandaoStudy\Application\Home\Model\ArticleModel.class.php 第 229 行.
NOTIC: [2] array_key_exists() expects parameter 2 to be array, null given G:\XAMPP\htdocs\TiandaoStudy\Application\Home\Model\ArticleModel.class.php 第 229 行.
SQL: SHOW COLUMNS FROM `td_article` [ RunTime:0.0024s ]
SQL: SELECT COUNT(*) AS tp_count FROM `td_article`  INNER JOIN td_article_category on td_article.category_id=td_article_category.category_id and td_article.system_id = td_article_category.system_id  WHERE (  td_article_category.is_delete = 0  and td_article.is_delete = 0 ) LIMIT 1   [ RunTime:0.0056s ]
SQL: SHOW COLUMNS FROM `td_special` [ RunTime:0.0021s ]
NOTIC: [2] Missing argument 1 for Home\Model\SpecialModel::getCount(), called in G:\XAMPP\htdocs\TiandaoStudy\Application\Home\Controller\IndexController.class.php on line 39 and defined G:\XAMPP\htdocs\TiandaoStudy\Application\Home\Model\SpecialModel.class.php 第 66 行.
NOTIC: [8] Undefined variable: where G:\XAMPP\htdocs\TiandaoStudy\Application\Home\Model\SpecialModel.class.php 第 67 行.
SQL: SELECT COUNT(*) AS tp_count FROM `td_special` LIMIT 1   [ RunTime:0.0012s ]
INFO: [ view_parse ] --START--
INFO: [ template_filter ] --START--
INFO: Run Behavior\ContentReplaceBehavior [ RunTime:0.000070s ]
INFO: [ template_filter ] --END-- [ RunTime:0.000133s ]
NOTIC: [8] Undefined index: PROCESSOR_IDENTIFIER G:\XAMPP\htdocs\TiandaoStudy\Application\Runtime\Cache\Home\4462707c48390994935bf3e366c221aa.php 第 135 行.
INFO: Run Behavior\ParseTemplateBehavior [ RunTime:0.053086s ]
INFO: [ view_parse ] --END-- [ RunTime:0.053162s ]
INFO: [ view_filter ] --START--
INFO: Run Behavior\WriteHtmlCacheBehavior [ RunTime:0.000333s ]
INFO: [ view_filter ] --END-- [ RunTime:0.000372s ]
INFO: [ app_end ] --START--
INFO: Run Behavior\ShowPageTraceBehavior [ RunTime:0.000535s ]
INFO: [ app_end ] --END-- [ RunTime:0.000577s ]

[ 2017-08-14T09:05:14+08:00 ] 127.0.0.1 /User/index.html
INFO: [ app_init ] --START--
INFO: Run Behavior\BuildLiteBehavior [ RunTime:0.000010s ]
INFO: [ app_init ] --END-- [ RunTime:0.000258s ]
INFO: [ app_begin ] --START--
INFO: Run Behavior\ReadHtmlCacheBehavior [ RunTime:0.000399s ]
INFO: [ app_begin ] --END-- [ RunTime:0.000438s ]
SQL: SHOW COLUMNS FROM `td_member` [ RunTime:0.0017s ]
SQL: SHOW COLUMNS FROM `td_user` [ RunTime:0.0017s ]
SQL: SELECT COUNT(*) AS tp_count FROM td_member a RIGHT JOIN onion.td_user b ON a.id = b.uid   WHERE a.source = 5 AND b.cert_state = 1 LIMIT 1   [ RunTime:0.0012s ]
NOTIC: [8] Undefined variable: page_show G:\XAMPP\htdocs\TiandaoStudy\Application\Home\Common\function.php 第 73 行.
NOTIC: [2] Missing argument 3 for Home\Model\MemberModel::getAllList(), called in G:\XAMPP\htdocs\TiandaoStudy\Application\Home\Common\function.php on line 111 and defined G:\XAMPP\htdocs\TiandaoStudy\Application\Home\Model\MemberModel.class.php 第 40 行.
NOTIC: [8] Undefined variable: field G:\XAMPP\htdocs\TiandaoStudy\Application\Home\Model\MemberModel.class.php 第 45 行.
SQL: SELECT * FROM td_member a RIGHT JOIN onion.td_user b ON a.id = b.uid   WHERE a.source = 5 AND b.cert_state = 1 ORDER BY uid DESC LIMIT 0,10   [ RunTime:0.0012s ]
SQL: SELECT COUNT(*) AS tp_count FROM td_member a RIGHT JOIN onion.td_user b ON a.id = b.uid   WHERE b.cert_state = 2 LIMIT 1   [ RunTime:0.0005s ]
NOTIC: [8] Undefined variable: page_show G:\XAMPP\htdocs\TiandaoStudy\Application\Home\Common\function.php 第 73 行.
NOTIC: [2] Missing argument 3 for Home\Model\MemberModel::getAllList(), called in G:\XAMPP\htdocs\TiandaoStudy\Application\Home\Common\function.php on line 111 and defined G:\XAMPP\htdocs\TiandaoStudy\Application\Home\Model\MemberModel.class.php 第 40 行.
NOTIC: [8] Undefined variable: field G:\XAMPP\htdocs\TiandaoStudy\Application\Home\Model\MemberModel.class.php 第 45 行.
SQL: SELECT * FROM td_member a RIGHT JOIN onion.td_user b ON a.id = b.uid   WHERE b.cert_state = 2 ORDER BY uid DESC LIMIT 0,10   [ RunTime:0.0014s ]
INFO: [ view_parse ] --START--
INFO: [ template_filter ] --START--
INFO: Run Behavior\ContentReplaceBehavior [ RunTime:0.000099s ]
INFO: [ template_filter ] --END-- [ RunTime:0.000146s ]
INFO: Run Behavior\ParseTemplateBehavior [ RunTime:0.080966s ]
INFO: [ view_parse ] --END-- [ RunTime:0.081041s ]
INFO: [ view_filter ] --START--
INFO: Run Behavior\WriteHtmlCacheBehavior [ RunTime:0.000325s ]
INFO: [ view_filter ] --END-- [ RunTime:0.000355s ]
INFO: [ app_end ] --START--
INFO: Run Behavior\ShowPageTraceBehavior [ RunTime:0.000625s ]
INFO: [ app_end ] --END-- [ RunTime:0.000664s ]

[ 2017-08-14T09:05:15+08:00 ] 127.0.0.1 /Special/index.html
INFO: [ app_init ] --START--
INFO: Run Behavior\BuildLiteBehavior [ RunTime:0.000012s ]
INFO: [ app_init ] --END-- [ RunTime:0.000309s ]
INFO: [ app_begin ] --START--
INFO: Run Behavior\ReadHtmlCacheBehavior [ RunTime:0.000420s ]
INFO: [ app_begin ] --END-- [ RunTime:0.000463s ]
NOTIC: [8] Undefined index: _string G:\XAMPP\htdocs\TiandaoStudy\Application\Home\Controller\SpecialController.class.php 第 35 行.
SQL: SHOW COLUMNS FROM `td_special` [ RunTime:0.0017s ]
SQL: SELECT COUNT(*) AS tp_count FROM `td_special` WHERE `status` = 1 LIMIT 1   [ RunTime:0.0012s ]
NOTIC: [2] implode(): Invalid arguments passed G:\XAMPP\htdocs\TiandaoStudy\Application\Home\Controller\SpecialController.class.php 第 98 行.
SQL: SELECT * FROM td_special a WHERE `status` = 1 ORDER BY id DESC LIMIT 0,10   [ RunTime:0.0018s ]
SQL: SELECT COUNT(*) AS tp_count FROM `td_special` WHERE `status` = '-1' LIMIT 1   [ RunTime:0.0006s ]
NOTIC: [8] Undefined variable: page_show G:\XAMPP\htdocs\TiandaoStudy\Application\Home\Common\function.php 第 73 行.
SQL: SELECT * FROM td_special a WHERE `status` = '-1' ORDER BY id DESC LIMIT 0,10   [ RunTime:0.0013s ]
SQL: SHOW COLUMNS FROM `td_country` [ RunTime:0.0014s ]
SQL: SELECT * FROM `td_country`  [ RunTime:0.0007s ]
INFO: [ view_parse ] --START--
INFO: [ template_filter ] --START--
INFO: Run Behavior\ContentReplaceBehavior [ RunTime:0.000081s ]
INFO: [ template_filter ] --END-- [ RunTime:0.000124s ]
NOTIC: [8] Undefined variable: checked G:\XAMPP\htdocs\TiandaoStudy\Application\Runtime\Cache\Home\d421352dfdc946c93d83cd205baf0330.php 第 47 行.
NOTIC: [8] Undefined variable: checked G:\XAMPP\htdocs\TiandaoStudy\Application\Runtime\Cache\Home\d421352dfdc946c93d83cd205baf0330.php 第 47 行.
NOTIC: [8] Undefined variable: checked G:\XAMPP\htdocs\TiandaoStudy\Application\Runtime\Cache\Home\d421352dfdc946c93d83cd205baf0330.php 第 47 行.
NOTIC: [8] Undefined variable: checked G:\XAMPP\htdocs\TiandaoStudy\Application\Runtime\Cache\Home\d421352dfdc946c93d83cd205baf0330.php 第 47 行.
NOTIC: [8] Undefined variable: checked G:\XAMPP\htdocs\TiandaoStudy\Application\Runtime\Cache\Home\d421352dfdc946c93d83cd205baf0330.php 第 47 行.
NOTIC: [8] Undefined variable: checked G:\XAMPP\htdocs\TiandaoStudy\Application\Runtime\Cache\Home\d421352dfdc946c93d83cd205baf0330.php 第 47 行.
NOTIC: [8] Undefined variable: checked G:\XAMPP\htdocs\TiandaoStudy\Application\Runtime\Cache\Home\d421352dfdc946c93d83cd205baf0330.php 第 47 行.
NOTIC: [8] Undefined variable: checked G:\XAMPP\htdocs\TiandaoStudy\Application\Runtime\Cache\Home\d421352dfdc946c93d83cd205baf0330.php 第 47 行.
NOTIC: [8] Undefined variable: checked G:\XAMPP\htdocs\TiandaoStudy\Application\Runtime\Cache\Home\d421352dfdc946c93d83cd205baf0330.php 第 47 行.
NOTIC: [8] Undefined variable: checked G:\XAMPP\htdocs\TiandaoStudy\Application\Runtime\Cache\Home\d421352dfdc946c93d83cd205baf0330.php 第 47 行.
NOTIC: [8] Undefined variable: checked G:\XAMPP\htdocs\TiandaoStudy\Application\Runtime\Cache\Home\d421352dfdc946c93d83cd205baf0330.php 第 47 行.
NOTIC: [8] Undefined variable: checked G:\XAMPP\htdocs\TiandaoStudy\Application\Runtime\Cache\Home\d421352dfdc946c93d83cd205baf0330.php 第 47 行.
NOTIC: [8] Undefined variable: checked G:\XAMPP\htdocs\TiandaoStudy\Application\Runtime\Cache\Home\d421352dfdc946c93d83cd205baf0330.php 第 47 行.
NOTIC: [8] Undefined variable: checked G:\XAMPP\htdocs\TiandaoStudy\Application\Runtime\Cache\Home\d421352dfdc946c93d83cd205baf0330.php 第 47 行.
NOTIC: [8] Undefined variable: checked G:\XAMPP\htdocs\TiandaoStudy\Application\Runtime\Cache\Home\d421352dfdc946c93d83cd205baf0330.php 第 47 行.
NOTIC: [8] Undefined variable: checked G:\XAMPP\htdocs\TiandaoStudy\Application\Runtime\Cache\Home\d421352dfdc946c93d83cd205baf0330.php 第 47 行.
NOTIC: [8] Undefined variable: checked G:\XAMPP\htdocs\TiandaoStudy\Application\Runtime\Cache\Home\d421352dfdc946c93d83cd205baf0330.php 第 47 行.
NOTIC: [8] Undefined variable: checked G:\XAMPP\htdocs\TiandaoStudy\Application\Runtime\Cache\Home\d421352dfdc946c93d83cd205baf0330.php 第 47 行.
NOTIC: [8] Undefined variable: checked G:\XAMPP\htdocs\TiandaoStudy\Application\Runtime\Cache\Home\d421352dfdc946c93d83cd205baf0330.php 第 47 行.
NOTIC: [8] Undefined variable: checked G:\XAMPP\htdocs\TiandaoStudy\Application\Runtime\Cache\Home\d421352dfdc946c93d83cd205baf0330.php 第 47 行.
NOTIC: [8] Undefined variable: checked G:\XAMPP\htdocs\TiandaoStudy\Application\Runtime\Cache\Home\d421352dfdc946c93d83cd205baf0330.php 第 47 行.
NOTIC: [8] Undefined variable: checked G:\XAMPP\htdocs\TiandaoStudy\Application\Runtime\Cache\Home\d421352dfdc946c93d83cd205baf0330.php 第 47 行.
NOTIC: [8] Undefined variable: checked G:\XAMPP\htdocs\TiandaoStudy\Application\Runtime\Cache\Home\d421352dfdc946c93d83cd205baf0330.php 第 47 行.
NOTIC: [8] Undefined variable: countryId G:\XAMPP\htdocs\TiandaoStudy\Application\Runtime\Cache\Home\d421352dfdc946c93d83cd205baf0330.php 第 164 行.
NOTIC: [8] Undefined variable: countryId G:\XAMPP\htdocs\TiandaoStudy\Application\Runtime\Cache\Home\d421352dfdc946c93d83cd205baf0330.php 第 164 行.
NOTIC: [8] Undefined variable: countryId G:\XAMPP\htdocs\TiandaoStudy\Application\Runtime\Cache\Home\d421352dfdc946c93d83cd205baf0330.php 第 164 行.
NOTIC: [8] Undefined variable: countryId G:\XAMPP\htdocs\TiandaoStudy\Application\Runtime\Cache\Home\d421352dfdc946c93d83cd205baf0330.php 第 164 行.
NOTIC: [8] Undefined variable: countryId G:\XAMPP\htdocs\TiandaoStudy\Application\Runtime\Cache\Home\d421352dfdc946c93d83cd205baf0330.php 第 164 行.
NOTIC: [8] Undefined variable: countryId G:\XAMPP\htdocs\TiandaoStudy\Application\Runtime\Cache\Home\d421352dfdc946c93d83cd205baf0330.php 第 164 行.
NOTIC: [8] Undefined variable: countryId G:\XAMPP\htdocs\TiandaoStudy\Application\Runtime\Cache\Home\d421352dfdc946c93d83cd205baf0330.php 第 164 行.
NOTIC: [8] Undefined variable: countryId G:\XAMPP\htdocs\TiandaoStudy\Application\Runtime\Cache\Home\d421352dfdc946c93d83cd205baf0330.php 第 164 行.
NOTIC: [8] Undefined variable: countryId G:\XAMPP\htdocs\TiandaoStudy\Application\Runtime\Cache\Home\d421352dfdc946c93d83cd205baf0330.php 第 164 行.
NOTIC: [8] Undefined variable: countryId G:\XAMPP\htdocs\TiandaoStudy\Application\Runtime\Cache\Home\d421352dfdc946c93d83cd205baf0330.php 第 164 行.
NOTIC: [8] Undefined variable: countryId G:\XAMPP\htdocs\TiandaoStudy\Application\Runtime\Cache\Home\d421352dfdc946c93d83cd205baf0330.php 第 164 行.
NOTIC: [8] Undefined variable: countryId G:\XAMPP\htdocs\TiandaoStudy\Application\Runtime\Cache\Home\d421352dfdc946c93d83cd205baf0330.php 第 164 行.
NOTIC: [8] Undefined variable: countryId G:\XAMPP\htdocs\TiandaoStudy\Application\Runtime\Cache\Home\d421352dfdc946c93d83cd205baf0330.php 第 164 行.
NOTIC: [8] Undefined variable: countryId G:\XAMPP\htdocs\TiandaoStudy\Application\Runtime\Cache\Home\d421352dfdc946c93d83cd205baf0330.php 第 164 行.
NOTIC: [8] Undefined variable: countryId G:\XAMPP\htdocs\TiandaoStudy\Application\Runtime\Cache\Home\d421352dfdc946c93d83cd205baf0330.php 第 164 行.
NOTIC: [8] Undefined variable: countryId G:\XAMPP\htdocs\TiandaoStudy\Application\Runtime\Cache\Home\d421352dfdc946c93d83cd205baf0330.php 第 164 行.
NOTIC: [8] Undefined variable: countryId G:\XAMPP\htdocs\TiandaoStudy\Application\Runtime\Cache\Home\d421352dfdc946c93d83cd205baf0330.php 第 164 行.
NOTIC: [8] Undefined variable: countryId G:\XAMPP\htdocs\TiandaoStudy\Application\Runtime\Cache\Home\d421352dfdc946c93d83cd205baf0330.php 第 164 行.
NOTIC: [8] Undefined variable: countryId G:\XAMPP\htdocs\TiandaoStudy\Application\Runtime\Cache\Home\d421352dfdc946c93d83cd205baf0330.php 第 164 行.
NOTIC: [8] Undefined variable: countryId G:\XAMPP\htdocs\TiandaoStudy\Application\Runtime\Cache\Home\d421352dfdc946c93d83cd205baf0330.php 第 164 行.
NOTIC: [8] Undefined variable: countryId G:\XAMPP\htdocs\TiandaoStudy\Application\Runtime\Cache\Home\d421352dfdc946c93d83cd205baf0330.php 第 164 行.
NOTIC: [8] Undefined variable: countryId G:\XAMPP\htdocs\TiandaoStudy\Application\Runtime\Cache\Home\d421352dfdc946c93d83cd205baf0330.php 第 164 行.
NOTIC: [8] Undefined variable: countryId G:\XAMPP\htdocs\TiandaoStudy\Application\Runtime\Cache\Home\d421352dfdc946c93d83cd205baf0330.php 第 164 行.
INFO: Run Behavior\ParseTemplateBehavior [ RunTime:0.067329s ]
INFO: [ view_parse ] --END-- [ RunTime:0.067380s ]
INFO: [ view_filter ] --START--
INFO: Run Behavior\WriteHtmlCacheBehavior [ RunTime:0.000289s ]
INFO: [ view_filter ] --END-- [ RunTime:0.000316s ]
INFO: [ app_end ] --START--
INFO: Run Behavior\ShowPageTraceBehavior [ RunTime:0.000607s ]
INFO: [ app_end ] --END-- [ RunTime:0.000645s ]

